[ 2016-05-09T17:17:12+08:00 ] 127.0.0.1 /
INFO: [ app_init ] --START--
INFO: Run Behavior\BuildLiteBehavior [ RunTime:0.000015s ]
INFO: [ app_init ] --END-- [ RunTime:0.000278s ]
INFO: [ app_begin ] --START--
INFO: Run Behavior\ReadHtmlCacheBehavior [ RunTime:0.000325s ]
INFO: [ app_begin ] --END-- [ RunTime:0.000371s ]
NOTIC: [8] Use of undefined constant in - assumed 'in' /home/stu/Code/www/ThinkPHP/Common/functions.php 第 657 行.
NOTIC: [8] Use of undefined constant in - assumed 'in' /home/stu/Code/www/ThinkPHP/Common/functions.php 第 657 行.
NOTIC: [8] Use of undefined constant in - assumed 'in' /home/stu/Code/www/ThinkPHP/Common/functions.php 第 657 行.
NOTIC: [8] Use of undefined constant in - assumed 'in' /home/stu/Code/www/ThinkPHP/Common/functions.php 第 657 行.
NOTIC: [8] Use of undefined constant in - assumed 'in' /home/stu/Code/www/ThinkPHP/Common/functions.php 第 657 行.
NOTIC: [8] Use of undefined constant in - assumed 'in' /home/stu/Code/www/ThinkPHP/Common/functions.php 第 657 行.
NOTIC: [8] Use of undefined constant in - assumed 'in' /home/stu/Code/www/ThinkPHP/Common/functions.php 第 657 行.
SQL: SHOW COLUMNS FROM `goods` [ RunTime:0.0006s ]
SQL: SHOW COLUMNS FROM `categorys` [ RunTime:0.0009s ]
NOTIC: [8] Undefined index: p /home/stu/Code/www/ThinkPHP/Library/Org/Util/Page.class.php 第 37 行.
SQL: SELECT * FROM `goods` WHERE `is_delete` = 0 AND `is_on_sale` = 1 AND `good_number` > 0 ORDER BY `add_time` desc LIMIT 0,9   [ RunTime:0.0003s ]
SQL: SELECT * FROM `categorys` ORDER BY `grade` desc  [ RunTime:0.0003s ]
INFO: [ view_begin ] --START--
INFO: Run \Home\Behavior\SideBehavior [ RunTime:0.000898s ]
INFO: [ view_begin ] --END-- [ RunTime:0.000935s ]
INFO: [ view_parse ] --START--
INFO: [ template_filter ] --START--
INFO: Run Behavior\ContentReplaceBehavior [ RunTime:0.000044s ]
INFO: [ template_filter ] --END-- [ RunTime:0.000090s ]
NOTIC: [8] Undefined index: keyword /home/stu/Code/www/Application/Runtime/Cache/Home/2a94b8bda04ff446dcedd42276fc99ee.php 第 24 行.
NOTIC: [8] Undefined index: totalNotReal /home/stu/Code/www/Application/Runtime/Cache/Home/2a94b8bda04ff446dcedd42276fc99ee.php 第 166 行.
INFO: Run Behavior\ParseTemplateBehavior [ RunTime:0.009087s ]
INFO: [ view_parse ] --END-- [ RunTime:0.009116s ]
INFO: [ view_filter ] --START--
INFO: Run Behavior\WriteHtmlCacheBehavior [ RunTime:0.000091s ]
INFO: [ view_filter ] --END-- [ RunTime:0.000118s ]
INFO: [ app_end ] --START--
INFO: Run Behavior\ShowPageTraceBehavior [ RunTime:0.000343s ]
INFO: [ app_end ] --END-- [ RunTime:0.000387s ]

