[ 2016-05-16T16:35:16+08:00 ] 127.0.0.1 /
INFO: [ app_init ] --START--
INFO: Run Behavior\BuildLiteBehavior [ RunTime:0.000017s ]
INFO: [ app_init ] --END-- [ RunTime:0.000760s ]
INFO: [ app_begin ] --START--
INFO: Run Behavior\ReadHtmlCacheBehavior [ RunTime:0.000569s ]
INFO: [ app_begin ] --END-- [ RunTime:0.000623s ]
NOTIC: [8] Use of undefined constant in - assumed 'in' /home/stu/Code/www/ThinkPHP/Common/functions.php 第 657 行.
NOTIC: [8] Use of undefined constant in - assumed 'in' /home/stu/Code/www/ThinkPHP/Common/functions.php 第 657 行.
NOTIC: [8] Use of undefined constant in - assumed 'in' /home/stu/Code/www/ThinkPHP/Common/functions.php 第 657 行.
NOTIC: [8] Use of undefined constant in - assumed 'in' /home/stu/Code/www/ThinkPHP/Common/functions.php 第 657 行.
NOTIC: [8] Use of undefined constant in - assumed 'in' /home/stu/Code/www/ThinkPHP/Common/functions.php 第 657 行.
NOTIC: [8] Use of undefined constant in - assumed 'in' /home/stu/Code/www/ThinkPHP/Common/functions.php 第 657 行.
NOTIC: [8] Use of undefined constant in - assumed 'in' /home/stu/Code/www/ThinkPHP/Common/functions.php 第 657 行.
SQL: SHOW COLUMNS FROM `goods` [ RunTime:0.0015s ]
SQL: SELECT `is_promote`,`user_name`,`user_id`,`good_id`,`shop_price`,`promote_price`,`good_name`,`thumb_img` FROM `goods` WHERE `is_delete` = 0 AND `is_on_sale` = 1 AND `good_number` > 0 ORDER BY `add_time` desc LIMIT 8   [ RunTime:0.0008s ]
SQL: SELECT `is_promote`,`user_name`,`user_id`,`good_id`,`shop_price`,`promote_price`,`good_name`,`thumb_img` FROM `goods` WHERE `is_delete` = 0 AND `is_on_sale` = 1 AND `good_number` > 0 ORDER BY `sales_num` desc LIMIT 8   [ RunTime:0.0003s ]
INFO: [ view_parse ] --START--
INFO: [ template_filter ] --START--
INFO: Run Behavior\ContentReplaceBehavior [ RunTime:0.000070s ]
INFO: [ template_filter ] --END-- [ RunTime:0.000171s ]
NOTIC: [8] Undefined index: keyword /home/stu/Code/www/Wap/Runtime/Cache/Home/7c43724e8bc014ec693751e0610dba45.php 第 27 行.
INFO: Run Behavior\ParseTemplateBehavior [ RunTime:0.010426s ]
INFO: [ view_parse ] --END-- [ RunTime:0.010471s ]
INFO: [ view_filter ] --START--
INFO: Run Behavior\WriteHtmlCacheBehavior [ RunTime:0.000334s ]
INFO: [ view_filter ] --END-- [ RunTime:0.000370s ]
INFO: [ app_end ] --START--
INFO: Run Behavior\ShowPageTraceBehavior [ RunTime:0.000612s ]
INFO: [ app_end ] --END-- [ RunTime:0.000672s ]

[ 2016-05-16T16:35:58+08:00 ] 127.0.0.1 /?wap=1
INFO: [ app_init ] --START--
INFO: Run Behavior\BuildLiteBehavior [ RunTime:0.000014s ]
INFO: [ app_init ] --END-- [ RunTime:0.000289s ]
INFO: [ app_begin ] --START--
INFO: Run Behavior\ReadHtmlCacheBehavior [ RunTime:0.000293s ]
INFO: [ app_begin ] --END-- [ RunTime:0.000329s ]
NOTIC: [8] Use of undefined constant in - assumed 'in' /home/stu/Code/www/ThinkPHP/Common/functions.php 第 657 行.
NOTIC: [8] Use of undefined constant in - assumed 'in' /home/stu/Code/www/ThinkPHP/Common/functions.php 第 657 行.
NOTIC: [8] Use of undefined constant in - assumed 'in' /home/stu/Code/www/ThinkPHP/Common/functions.php 第 657 行.
NOTIC: [8] Use of undefined constant in - assumed 'in' /home/stu/Code/www/ThinkPHP/Common/functions.php 第 657 行.
NOTIC: [8] Use of undefined constant in - assumed 'in' /home/stu/Code/www/ThinkPHP/Common/functions.php 第 657 行.
NOTIC: [8] Use of undefined constant in - assumed 'in' /home/stu/Code/www/ThinkPHP/Common/functions.php 第 657 行.
NOTIC: [8] Use of undefined constant in - assumed 'in' /home/stu/Code/www/ThinkPHP/Common/functions.php 第 657 行.
SQL: SHOW COLUMNS FROM `goods` [ RunTime:0.0007s ]
SQL: SELECT `is_promote`,`user_name`,`user_id`,`good_id`,`shop_price`,`promote_price`,`good_name`,`thumb_img` FROM `goods` WHERE `is_delete` = 0 AND `is_on_sale` = 1 AND `good_number` > 0 ORDER BY `add_time` desc LIMIT 8   [ RunTime:0.0003s ]
SQL: SELECT `is_promote`,`user_name`,`user_id`,`good_id`,`shop_price`,`promote_price`,`good_name`,`thumb_img` FROM `goods` WHERE `is_delete` = 0 AND `is_on_sale` = 1 AND `good_number` > 0 ORDER BY `sales_num` desc LIMIT 8   [ RunTime:0.0002s ]
INFO: [ view_parse ] --START--
INFO: [ template_filter ] --START--
INFO: Run Behavior\ContentReplaceBehavior [ RunTime:0.000051s ]
INFO: [ template_filter ] --END-- [ RunTime:0.000105s ]
NOTIC: [8] Undefined index: keyword /home/stu/Code/www/Wap/Runtime/Cache/Home/7c43724e8bc014ec693751e0610dba45.php 第 27 行.
INFO: Run Behavior\ParseTemplateBehavior [ RunTime:0.008998s ]
INFO: [ view_parse ] --END-- [ RunTime:0.009052s ]
INFO: [ view_filter ] --START--
INFO: Run Behavior\WriteHtmlCacheBehavior [ RunTime:0.000118s ]
INFO: [ view_filter ] --END-- [ RunTime:0.000147s ]
INFO: [ app_end ] --START--
INFO: Run Behavior\ShowPageTraceBehavior [ RunTime:0.000347s ]
INFO: [ app_end ] --END-- [ RunTime:0.000387s ]

[ 2016-05-16T16:35:58+08:00 ] 127.0.0.1 /
INFO: [ app_init ] --START--
INFO: Run Behavior\BuildLiteBehavior [ RunTime:0.000014s ]
INFO: [ app_init ] --END-- [ RunTime:0.000233s ]
INFO: [ app_begin ] --START--
INFO: Run Behavior\ReadHtmlCacheBehavior [ RunTime:0.000309s ]
INFO: [ app_begin ] --END-- [ RunTime:0.000352s ]
NOTIC: [8] Use of undefined constant in - assumed 'in' /home/stu/Code/www/ThinkPHP/Common/functions.php 第 657 行.
NOTIC: [8] Use of undefined constant in - assumed 'in' /home/stu/Code/www/ThinkPHP/Common/functions.php 第 657 行.
NOTIC: [8] Use of undefined constant in - assumed 'in' /home/stu/Code/www/ThinkPHP/Common/functions.php 第 657 行.
NOTIC: [8] Use of undefined constant in - assumed 'in' /home/stu/Code/www/ThinkPHP/Common/functions.php 第 657 行.
NOTIC: [8] Use of undefined constant in - assumed 'in' /home/stu/Code/www/ThinkPHP/Common/functions.php 第 657 行.
NOTIC: [8] Use of undefined constant in - assumed 'in' /home/stu/Code/www/ThinkPHP/Common/functions.php 第 657 行.
NOTIC: [8] Use of undefined constant in - assumed 'in' /home/stu/Code/www/ThinkPHP/Common/functions.php 第 657 行.
SQL: SHOW COLUMNS FROM `goods` [ RunTime:0.0007s ]
SQL: SELECT `is_promote`,`user_name`,`user_id`,`good_id`,`shop_price`,`promote_price`,`good_name`,`thumb_img` FROM `goods` WHERE `is_delete` = 0 AND `is_on_sale` = 1 AND `good_number` > 0 ORDER BY `add_time` desc LIMIT 8   [ RunTime:0.0003s ]
SQL: SELECT `is_promote`,`user_name`,`user_id`,`good_id`,`shop_price`,`promote_price`,`good_name`,`thumb_img` FROM `goods` WHERE `is_delete` = 0 AND `is_on_sale` = 1 AND `good_number` > 0 ORDER BY `sales_num` desc LIMIT 8   [ RunTime:0.0003s ]
INFO: [ view_parse ] --START--
INFO: [ template_filter ] --START--
INFO: Run Behavior\ContentReplaceBehavior [ RunTime:0.000038s ]
INFO: [ template_filter ] --END-- [ RunTime:0.000083s ]
NOTIC: [8] Undefined index: keyword /home/stu/Code/www/Wap/Runtime/Cache/Home/7c43724e8bc014ec693751e0610dba45.php 第 27 行.
INFO: Run Behavior\ParseTemplateBehavior [ RunTime:0.007611s ]
INFO: [ view_parse ] --END-- [ RunTime:0.007648s ]
INFO: [ view_filter ] --START--
INFO: Run Behavior\WriteHtmlCacheBehavior [ RunTime:0.000095s ]
INFO: [ view_filter ] --END-- [ RunTime:0.000122s ]
INFO: [ app_end ] --START--
INFO: Run Behavior\ShowPageTraceBehavior [ RunTime:0.000330s ]
INFO: [ app_end ] --END-- [ RunTime:0.000367s ]

