[ 2016-05-25T06:57:00+08:00 ] 127.0.0.1 /
INFO: [ app_init ] --START--
INFO: Run Behavior\BuildLiteBehavior [ RunTime:0.000014s ]
INFO: [ app_init ] --END-- [ RunTime:0.000256s ]
INFO: [ app_begin ] --START--
INFO: Run Behavior\ReadHtmlCacheBehavior [ RunTime:0.000311s ]
INFO: [ app_begin ] --END-- [ RunTime:0.000349s ]
NOTIC: [8] Use of undefined constant in - assumed 'in' /home/stu/Code/www/ThinkPHP/Common/functions.php 第 657 行.
NOTIC: [8] Use of undefined constant in - assumed 'in' /home/stu/Code/www/ThinkPHP/Common/functions.php 第 657 行.
NOTIC: [8] Use of undefined constant in - assumed 'in' /home/stu/Code/www/ThinkPHP/Common/functions.php 第 657 行.
NOTIC: [8] Use of undefined constant in - assumed 'in' /home/stu/Code/www/ThinkPHP/Common/functions.php 第 657 行.
NOTIC: [8] Use of undefined constant in - assumed 'in' /home/stu/Code/www/ThinkPHP/Common/functions.php 第 657 行.
NOTIC: [8] Use of undefined constant in - assumed 'in' /home/stu/Code/www/ThinkPHP/Common/functions.php 第 657 行.
NOTIC: [8] Use of undefined constant in - assumed 'in' /home/stu/Code/www/ThinkPHP/Common/functions.php 第 657 行.
SQL: SHOW COLUMNS FROM `goods` [ RunTime:0.0009s ]
SQL: SELECT `is_promote`,`user_name`,`user_id`,`good_id`,`shop_price`,`promote_price`,`good_name`,`thumb_img` FROM `goods` WHERE `is_delete` = 0 AND `is_on_sale` = 1 AND `good_number` > 0 ORDER BY `add_time` desc LIMIT 8   [ RunTime:0.0004s ]
SQL: SELECT `is_promote`,`user_name`,`user_id`,`good_id`,`shop_price`,`promote_price`,`good_name`,`thumb_img` FROM `goods` WHERE `is_delete` = 0 AND `is_on_sale` = 1 AND `good_number` > 0 ORDER BY `sales_num` desc LIMIT 8   [ RunTime:0.0004s ]
INFO: [ view_parse ] --START--
INFO: [ template_filter ] --START--
INFO: Run Behavior\ContentReplaceBehavior [ RunTime:0.000094s ]
INFO: [ template_filter ] --END-- [ RunTime:0.000200s ]
NOTIC: [8] Undefined index: keyword /home/stu/Code/www/Wap/Runtime/Cache/Home/7c43724e8bc014ec693751e0610dba45.php 第 27 行.
INFO: Run Behavior\ParseTemplateBehavior [ RunTime:0.014340s ]
INFO: [ view_parse ] --END-- [ RunTime:0.014415s ]
INFO: [ view_filter ] --START--
INFO: Run Behavior\WriteHtmlCacheBehavior [ RunTime:0.000178s ]
INFO: Run Behavior\TokenBuildBehavior [ RunTime:0.000193s ]
INFO: [ view_filter ] --END-- [ RunTime:0.000435s ]
INFO: [ app_end ] --START--
INFO: Run Behavior\ShowPageTraceBehavior [ RunTime:0.000486s ]
INFO: [ app_end ] --END-- [ RunTime:0.000546s ]

[ 2016-05-25T06:57:02+08:00 ] 127.0.0.1 /User/index
INFO: [ app_init ] --START--
INFO: Run Behavior\BuildLiteBehavior [ RunTime:0.000014s ]
INFO: [ app_init ] --END-- [ RunTime:0.000268s ]
INFO: [ app_begin ] --START--
INFO: Run Behavior\ReadHtmlCacheBehavior [ RunTime:0.000307s ]
INFO: [ app_begin ] --END-- [ RunTime:0.000345s ]
INFO: [ view_parse ] --START--
INFO: [ template_filter ] --START--
INFO: Run Behavior\ContentReplaceBehavior [ RunTime:0.000036s ]
INFO: [ template_filter ] --END-- [ RunTime:0.000087s ]
INFO: Run Behavior\ParseTemplateBehavior [ RunTime:0.004917s ]
INFO: [ view_parse ] --END-- [ RunTime:0.004957s ]
INFO: [ view_filter ] --START--
INFO: Run Behavior\WriteHtmlCacheBehavior [ RunTime:0.000098s ]
INFO: Run Behavior\TokenBuildBehavior [ RunTime:0.000186s ]
INFO: [ view_filter ] --END-- [ RunTime:0.000335s ]
INFO: [ app_end ] --START--
INFO: Run Behavior\ShowPageTraceBehavior [ RunTime:0.000325s ]
INFO: [ app_end ] --END-- [ RunTime:0.000361s ]

[ 2016-05-25T06:57:04+08:00 ] 127.0.0.1 /User/login
INFO: [ app_init ] --START--
INFO: Run Behavior\BuildLiteBehavior [ RunTime:0.000013s ]
INFO: [ app_init ] --END-- [ RunTime:0.000227s ]
INFO: [ app_begin ] --START--
INFO: Run Behavior\ReadHtmlCacheBehavior [ RunTime:0.000272s ]
INFO: [ app_begin ] --END-- [ RunTime:0.000312s ]
SQL: SHOW COLUMNS FROM `users` [ RunTime:0.0005s ]
SQL: SELECT `user_name`,`user_id`,`password`,`role_id`,`seal_stop` FROM `users` WHERE `user_name` = 'hookidea' LIMIT 1   [ RunTime:0.0002s ]
SQL: SHOW COLUMNS FROM `images` [ RunTime:0.0007s ]
SQL: SELECT `save_path` FROM `images` WHERE `user_id` = 1 LIMIT 1   [ RunTime:0.0003s ]
NOTIC: [2] Missing argument 1 for Home\Controller\UserController::_setRoleSession(), called in /home/stu/Code/www/Wap/Home/Controller/UserController.class.php on line 132 and defined /home/stu/Code/www/Wap/Home/Controller/UserController.class.php 第 75 行.
SQL: SHOW COLUMNS FROM `roles` [ RunTime:0.0009s ]
NOTIC: [8] Undefined variable: role_id /home/stu/Code/www/Wap/Home/Controller/UserController.class.php 第 77 行.
SQL: SELECT * FROM `roles` WHERE `role_id` = null LIMIT 1   [ RunTime:0.0002s ]

[ 2016-05-25T06:57:04+08:00 ] 127.0.0.1 /User/index
INFO: [ app_init ] --START--
INFO: Run Behavior\BuildLiteBehavior [ RunTime:0.000015s ]
INFO: [ app_init ] --END-- [ RunTime:0.000328s ]
INFO: [ app_begin ] --START--
INFO: Run Behavior\ReadHtmlCacheBehavior [ RunTime:0.000297s ]
INFO: [ app_begin ] --END-- [ RunTime:0.000332s ]
SQL: SHOW COLUMNS FROM `letters` [ RunTime:0.0005s ]
SQL: SELECT COUNT(*) AS tp_count FROM `letters` WHERE `raply_id` = 1 AND `is_read` = 0 LIMIT 1   [ RunTime:0.0002s ]
SQL: SHOW COLUMNS FROM `messages` [ RunTime:0.0017s ]
SQL: SELECT COUNT(*) AS tp_count FROM `messages` WHERE `user_id` = 1 AND `type` = 2 AND `is_read` = 0 LIMIT 1   [ RunTime:0.0003s ]
SQL: SELECT COUNT(*) AS tp_count FROM `messages` WHERE `user_id` = 1 AND `type` = 1 AND `is_read` = 0 LIMIT 1   [ RunTime:0.0002s ]
SQL: SELECT COUNT(*) AS tp_count FROM `messages` WHERE `user_id` = 1 AND `type` = 3 AND `is_read` = 0 LIMIT 1   [ RunTime:0.0002s ]
SQL: SELECT COUNT(*) AS tp_count FROM `messages` WHERE `user_id` = 1 AND `type` = 5 AND `is_read` = 0 LIMIT 1   [ RunTime:0.0005s ]
INFO: [ view_parse ] --START--
INFO: [ template_filter ] --START--
INFO: Run Behavior\ContentReplaceBehavior [ RunTime:0.000036s ]
INFO: [ template_filter ] --END-- [ RunTime:0.000086s ]
INFO: Run Behavior\ParseTemplateBehavior [ RunTime:0.006216s ]
INFO: [ view_parse ] --END-- [ RunTime:0.006271s ]
INFO: [ view_filter ] --START--
INFO: Run Behavior\WriteHtmlCacheBehavior [ RunTime:0.000105s ]
INFO: Run Behavior\TokenBuildBehavior [ RunTime:0.000174s ]
INFO: [ view_filter ] --END-- [ RunTime:0.000328s ]
INFO: [ app_end ] --START--
INFO: Run Behavior\ShowPageTraceBehavior [ RunTime:0.000318s ]
INFO: [ app_end ] --END-- [ RunTime:0.000350s ]

[ 2016-05-25T06:57:06+08:00 ] 127.0.0.1 /Message/showMessage
INFO: [ app_init ] --START--
INFO: Run Behavior\BuildLiteBehavior [ RunTime:0.000029s ]
INFO: [ app_init ] --END-- [ RunTime:0.000285s ]
INFO: [ app_begin ] --START--
INFO: Run Behavior\ReadHtmlCacheBehavior [ RunTime:0.000300s ]
INFO: [ app_begin ] --END-- [ RunTime:0.000338s ]
SQL: SHOW COLUMNS FROM `messages` [ RunTime:0.0005s ]
NOTIC: [8] Undefined index: p /home/stu/Code/www/ThinkPHP/Library/Org/Util/Page.class.php 第 37 行.
SQL: SELECT * FROM `messages` WHERE `user_id` = 1 AND `type` = 2 ORDER BY `is_read` asc,`add_time` desc LIMIT 0,16   [ RunTime:0.0002s ]
SQL: UPDATE `messages` SET `is_read`='1' WHERE `message_id` IN ('5') [ RunTime:0.0002s ]
SQL: SHOW COLUMNS FROM `letters` [ RunTime:0.0004s ]
SQL: SELECT COUNT(*) AS tp_count FROM `letters` WHERE `raply_id` = 1 AND `is_read` = 0 LIMIT 1   [ RunTime:0.0002s ]
SQL: SELECT COUNT(*) AS tp_count FROM `messages` WHERE `user_id` = 1 AND `type` = 2 AND `is_read` = 0 LIMIT 1   [ RunTime:0.0001s ]
SQL: SELECT COUNT(*) AS tp_count FROM `messages` WHERE `user_id` = 1 AND `type` = 1 AND `is_read` = 0 LIMIT 1   [ RunTime:0.0001s ]
SQL: SELECT COUNT(*) AS tp_count FROM `messages` WHERE `user_id` = 1 AND `type` = 3 AND `is_read` = 0 LIMIT 1   [ RunTime:0.0001s ]
SQL: SELECT COUNT(*) AS tp_count FROM `messages` WHERE `user_id` = 1 AND `type` = 5 AND `is_read` = 0 LIMIT 1   [ RunTime:0.0001s ]
INFO: [ view_parse ] --START--
INFO: [ template_filter ] --START--
INFO: Run Behavior\ContentReplaceBehavior [ RunTime:0.000065s ]
INFO: [ template_filter ] --END-- [ RunTime:0.000152s ]
NOTIC: [8] Undefined index: type /home/stu/Code/www/Wap/Runtime/Cache/Home/1f62d829671dceef0d5c8fde7c92837b.php 第 19 行.
INFO: Run Behavior\ParseTemplateBehavior [ RunTime:0.007914s ]
INFO: [ view_parse ] --END-- [ RunTime:0.007989s ]
INFO: [ view_filter ] --START--
INFO: Run Behavior\WriteHtmlCacheBehavior [ RunTime:0.000123s ]
INFO: Run Behavior\TokenBuildBehavior [ RunTime:0.000197s ]
INFO: [ view_filter ] --END-- [ RunTime:0.000373s ]
INFO: [ app_end ] --START--
INFO: Run Behavior\ShowPageTraceBehavior [ RunTime:0.000318s ]
INFO: [ app_end ] --END-- [ RunTime:0.000352s ]

[ 2016-05-25T06:57:07+08:00 ] 127.0.0.1 /Order/showOrder/order_id/1
INFO: [ app_init ] --START--
INFO: Run Behavior\BuildLiteBehavior [ RunTime:0.000021s ]
INFO: [ app_init ] --END-- [ RunTime:0.000399s ]
INFO: [ app_begin ] --START--
INFO: Run Behavior\ReadHtmlCacheBehavior [ RunTime:0.000524s ]
INFO: [ app_begin ] --END-- [ RunTime:0.000597s ]
SQL: SHOW COLUMNS FROM `order_infos` [ RunTime:0.0008s ]
NOTIC: [8] Undefined index: p /home/stu/Code/www/ThinkPHP/Library/Org/Util/Page.class.php 第 37 行.
SQL: SELECT * FROM `order_infos` WHERE `order_id` = 1  [ RunTime:0.0011s ]
SQL: select g.good_id,g.num,s.thumb_img,s.good_name from (select good_id,num from order_goods where order_id=1) as g left join goods as s on g.good_id=s.good_id [ RunTime:0.0004s ]
INFO: [ view_parse ] --START--
INFO: [ template_filter ] --START--
INFO: Run Behavior\ContentReplaceBehavior [ RunTime:0.000043s ]
INFO: [ template_filter ] --END-- [ RunTime:0.000091s ]
NOTIC: [8] Undefined index: type /home/stu/Code/www/Wap/Runtime/Cache/Home/0d84e43e15c87cbbb26c378ec75606d5.php 第 34 行.
NOTIC: [8] Undefined index: type /home/stu/Code/www/Wap/Runtime/Cache/Home/0d84e43e15c87cbbb26c378ec75606d5.php 第 35 行.
NOTIC: [8] Undefined index: type /home/stu/Code/www/Wap/Runtime/Cache/Home/0d84e43e15c87cbbb26c378ec75606d5.php 第 54 行.
NOTIC: [8] Undefined variable: row /home/stu/Code/www/Wap/Runtime/Cache/Home/0d84e43e15c87cbbb26c378ec75606d5.php 第 58 行.
INFO: Run Behavior\ParseTemplateBehavior [ RunTime:0.009150s ]
INFO: [ view_parse ] --END-- [ RunTime:0.009186s ]
INFO: [ view_filter ] --START--
INFO: Run Behavior\WriteHtmlCacheBehavior [ RunTime:0.000100s ]
INFO: Run Behavior\TokenBuildBehavior [ RunTime:0.000163s ]
INFO: [ view_filter ] --END-- [ RunTime:0.000310s ]
INFO: [ app_end ] --START--
INFO: Run Behavior\ShowPageTraceBehavior [ RunTime:0.000299s ]
INFO: [ app_end ] --END-- [ RunTime:0.000329s ]

[ 2016-05-25T06:57:13+08:00 ] 127.0.0.1 /Letter/showLetter
INFO: [ app_init ] --START--
INFO: Run Behavior\BuildLiteBehavior [ RunTime:0.000026s ]
INFO: [ app_init ] --END-- [ RunTime:0.000454s ]
INFO: [ app_begin ] --START--
INFO: Run Behavior\ReadHtmlCacheBehavior [ RunTime:0.000375s ]
INFO: [ app_begin ] --END-- [ RunTime:0.000434s ]
SQL: SHOW COLUMNS FROM `letters` [ RunTime:0.0005s ]
NOTIC: [8] Undefined index: p /home/stu/Code/www/ThinkPHP/Library/Org/Util/Page.class.php 第 37 行.
SQL: SELECT * FROM `letters` WHERE `raply_id` = 1 ORDER BY `is_read` asc,`add_time` desc LIMIT 0,16   [ RunTime:0.0003s ]
SQL: UPDATE `letters` SET `is_read`='1' WHERE `letter_id` IN ('2','1') [ RunTime:0.0002s ]
SQL: SELECT COUNT(*) AS tp_count FROM `letters` WHERE `raply_id` = 1 AND `is_read` = 0 LIMIT 1   [ RunTime:0.0002s ]
SQL: SHOW COLUMNS FROM `messages` [ RunTime:0.0005s ]
SQL: SELECT COUNT(*) AS tp_count FROM `messages` WHERE `user_id` = 1 AND `type` = 2 AND `is_read` = 0 LIMIT 1   [ RunTime:0.0002s ]
SQL: SELECT COUNT(*) AS tp_count FROM `messages` WHERE `user_id` = 1 AND `type` = 3 AND `is_read` = 0 LIMIT 1   [ RunTime:0.0002s ]
SQL: SELECT COUNT(*) AS tp_count FROM `messages` WHERE `user_id` = 1 AND `type` = 1 AND `is_read` = 0 LIMIT 1   [ RunTime:0.0002s ]
SQL: SELECT COUNT(*) AS tp_count FROM `messages` WHERE `user_id` = 1 AND `type` = 5 AND `is_read` = 0 LIMIT 1   [ RunTime:0.0002s ]
INFO: [ view_parse ] --START--
INFO: [ template_filter ] --START--
INFO: Run Behavior\ContentReplaceBehavior [ RunTime:0.000034s ]
INFO: [ template_filter ] --END-- [ RunTime:0.000079s ]
NOTIC: [8] Undefined index: type /home/stu/Code/www/Wap/Runtime/Cache/Home/bd1770f500e0a61f058360f67ce0c138.php 第 23 行.
INFO: Run Behavior\ParseTemplateBehavior [ RunTime:0.006788s ]
INFO: [ view_parse ] --END-- [ RunTime:0.006832s ]
INFO: [ view_filter ] --START--
INFO: Run Behavior\WriteHtmlCacheBehavior [ RunTime:0.000091s ]
INFO: Run Behavior\TokenBuildBehavior [ RunTime:0.000153s ]
INFO: [ view_filter ] --END-- [ RunTime:0.000287s ]
INFO: [ app_end ] --START--
INFO: Run Behavior\ShowPageTraceBehavior [ RunTime:0.000287s ]
INFO: [ app_end ] --END-- [ RunTime:0.000317s ]

[ 2016-05-25T06:57:14+08:00 ] 127.0.0.1 /Letter/addLetter
INFO: [ app_init ] --START--
INFO: Run Behavior\BuildLiteBehavior [ RunTime:0.000020s ]
INFO: [ app_init ] --END-- [ RunTime:0.000406s ]
INFO: [ app_begin ] --START--
INFO: Run Behavior\ReadHtmlCacheBehavior [ RunTime:0.000489s ]
INFO: [ app_begin ] --END-- [ RunTime:0.000541s ]
INFO: [ view_parse ] --START--
INFO: [ template_filter ] --START--
INFO: Run Behavior\ContentReplaceBehavior [ RunTime:0.000030s ]
INFO: [ template_filter ] --END-- [ RunTime:0.000078s ]
INFO: Run Behavior\ParseTemplateBehavior [ RunTime:0.004552s ]
INFO: [ view_parse ] --END-- [ RunTime:0.004594s ]
INFO: [ view_filter ] --START--
INFO: Run Behavior\WriteHtmlCacheBehavior [ RunTime:0.000091s ]
INFO: Run Behavior\TokenBuildBehavior [ RunTime:0.000228s ]
INFO: [ view_filter ] --END-- [ RunTime:0.000370s ]

[ 2016-05-25T06:57:18+08:00 ] 127.0.0.1 /Message/showMessage/type/5
INFO: [ app_init ] --START--
INFO: Run Behavior\BuildLiteBehavior [ RunTime:0.000019s ]
INFO: [ app_init ] --END-- [ RunTime:0.000333s ]
INFO: [ app_begin ] --START--
INFO: Run Behavior\ReadHtmlCacheBehavior [ RunTime:0.000304s ]
INFO: [ app_begin ] --END-- [ RunTime:0.000341s ]
SQL: SHOW COLUMNS FROM `messages` [ RunTime:0.0007s ]
NOTIC: [8] Undefined index: p /home/stu/Code/www/ThinkPHP/Library/Org/Util/Page.class.php 第 37 行.
SQL: SELECT * FROM `messages` WHERE `user_id` = 1 AND `type` = 5 ORDER BY `is_read` asc,`add_time` desc LIMIT 0,16   [ RunTime:0.0007s ]
SQL: UPDATE `messages` SET `is_read`='1' WHERE `message_id` IN ('44','42','41','40','37','36','35','33','31','28','27','26','25','24','23') [ RunTime:0.0005s ]
SQL: SHOW COLUMNS FROM `letters` [ RunTime:0.0006s ]
SQL: SELECT COUNT(*) AS tp_count FROM `letters` WHERE `raply_id` = 1 AND `is_read` = 0 LIMIT 1   [ RunTime:0.0006s ]
SQL: SELECT COUNT(*) AS tp_count FROM `messages` WHERE `user_id` = 1 AND `type` = 2 AND `is_read` = 0 LIMIT 1   [ RunTime:0.0002s ]
SQL: SELECT COUNT(*) AS tp_count FROM `messages` WHERE `user_id` = 1 AND `type` = 1 AND `is_read` = 0 LIMIT 1   [ RunTime:0.0002s ]
SQL: SELECT COUNT(*) AS tp_count FROM `messages` WHERE `user_id` = 1 AND `type` = 3 AND `is_read` = 0 LIMIT 1   [ RunTime:0.0002s ]
SQL: SELECT COUNT(*) AS tp_count FROM `messages` WHERE `user_id` = 1 AND `type` = 5 AND `is_read` = 0 LIMIT 1   [ RunTime:0.0002s ]
INFO: [ view_parse ] --START--
INFO: [ template_filter ] --START--
INFO: Run Behavior\ContentReplaceBehavior [ RunTime:0.000036s ]
INFO: [ template_filter ] --END-- [ RunTime:0.000084s ]
INFO: Run Behavior\ParseTemplateBehavior [ RunTime:0.007012s ]
INFO: [ view_parse ] --END-- [ RunTime:0.007068s ]
INFO: [ view_filter ] --START--
INFO: Run Behavior\WriteHtmlCacheBehavior [ RunTime:0.000139s ]
INFO: Run Behavior\TokenBuildBehavior [ RunTime:0.000246s ]
INFO: [ view_filter ] --END-- [ RunTime:0.000445s ]
INFO: [ app_end ] --START--
INFO: Run Behavior\ShowPageTraceBehavior [ RunTime:0.000375s ]
INFO: [ app_end ] --END-- [ RunTime:0.000528s ]

[ 2016-05-25T06:57:19+08:00 ] 127.0.0.1 /Good/showGood/good_id/4
INFO: [ app_init ] --START--
INFO: Run Behavior\BuildLiteBehavior [ RunTime:0.000014s ]
INFO: [ app_init ] --END-- [ RunTime:0.000239s ]
INFO: [ app_begin ] --START--
INFO: Run Behavior\ReadHtmlCacheBehavior [ RunTime:0.000287s ]
INFO: [ app_begin ] --END-- [ RunTime:0.000321s ]
SQL: SHOW COLUMNS FROM `comments` [ RunTime:0.0005s ]
NOTIC: [8] Undefined index: p /home/stu/Code/www/ThinkPHP/Library/Org/Util/Page.class.php 第 37 行.
NOTIC: [8] Use of undefined constant in - assumed 'in' /home/stu/Code/www/ThinkPHP/Common/functions.php 第 657 行.
NOTIC: [8] Use of undefined constant in - assumed 'in' /home/stu/Code/www/ThinkPHP/Common/functions.php 第 657 行.
NOTIC: [8] Use of undefined constant in - assumed 'in' /home/stu/Code/www/ThinkPHP/Common/functions.php 第 657 行.
NOTIC: [8] Use of undefined constant in - assumed 'in' /home/stu/Code/www/ThinkPHP/Common/functions.php 第 657 行.
NOTIC: [8] Use of undefined constant in - assumed 'in' /home/stu/Code/www/ThinkPHP/Common/functions.php 第 657 行.
NOTIC: [8] Use of undefined constant in - assumed 'in' /home/stu/Code/www/ThinkPHP/Common/functions.php 第 657 行.
NOTIC: [8] Use of undefined constant in - assumed 'in' /home/stu/Code/www/ThinkPHP/Common/functions.php 第 657 行.
SQL: SHOW COLUMNS FROM `goods` [ RunTime:0.0006s ]
SQL: SHOW COLUMNS FROM `users` [ RunTime:0.0005s ]
SQL: SHOW COLUMNS FROM `reals` [ RunTime:0.0005s ]
SQL: SHOW COLUMNS FROM `images` [ RunTime:0.0004s ]
SQL: SELECT * FROM `goods` WHERE `good_id` = 4 LIMIT 1   [ RunTime:0.0002s ]
SQL: SELECT `good_id`,`user_id`,`user_name`,`raply_id`,`raply_name`,`content`,`add_time` FROM `comments` WHERE ( 1=1 AND good_id='4' )  [ RunTime:0.0005s ]
SQL: SELECT `save_path` FROM `images` WHERE `user_id` = 2 LIMIT 1   [ RunTime:0.0002s ]
NOTIC: [8] Undefined index: user_id /home/stu/Code/www/Wap/Home/Controller/GoodController.class.php 第 162 行.
SQL: SELECT `real_location` FROM `reals` WHERE `user_id` = null LIMIT 1   [ RunTime:0.0002s ]
SQL: SHOW COLUMNS FROM `collect_goods` [ RunTime:0.0006s ]
SQL: SELECT COUNT(*) AS tp_count FROM `collect_goods` WHERE `user_id` = '1' AND `good_id` = 4 LIMIT 1   [ RunTime:0.0005s ]
SQL: SELECT `good_id`,`save_path` FROM `images` WHERE `good_id` = 4  [ RunTime:0.0002s ]
SQL: select a.user_id,a.user_name,a.raply_id,a.raply_name,a.content,a.add_time,b.save_path from (select user_id,user_name,raply_id,raply_name,content,add_time from comments where good_id = 4 order by add_time desc limit 0,9) as a left join images as b on a.user_id = b.user_id [ RunTime:0.0004s ]
INFO: [ view_parse ] --START--
INFO: [ template_filter ] --START--
INFO: Run Behavior\ContentReplaceBehavior [ RunTime:0.000063s ]
INFO: [ template_filter ] --END-- [ RunTime:0.000114s ]
NOTIC: [8] Undefined variable: is_real /home/stu/Code/www/Wap/Runtime/Cache/Home/a1ffc0aa71dfc52e79397fe04b154d30.php 第 70 行.
NOTIC: [8] Array to string conversion /home/stu/Code/www/Wap/Runtime/Cache/Home/a1ffc0aa71dfc52e79397fe04b154d30.php 第 70 行.
NOTIC: [8] Array to string conversion /home/stu/Code/www/Wap/Runtime/Cache/Home/a1ffc0aa71dfc52e79397fe04b154d30.php 第 125 行.
NOTIC: [8] Array to string conversion /home/stu/Code/www/Wap/Runtime/Cache/Home/a1ffc0aa71dfc52e79397fe04b154d30.php 第 125 行.
NOTIC: [8] Array to string conversion /home/stu/Code/www/Wap/Runtime/Cache/Home/a1ffc0aa71dfc52e79397fe04b154d30.php 第 125 行.
NOTIC: [8] Array to string conversion /home/stu/Code/www/Wap/Runtime/Cache/Home/a1ffc0aa71dfc52e79397fe04b154d30.php 第 125 行.
NOTIC: [8] Array to string conversion /home/stu/Code/www/Wap/Runtime/Cache/Home/a1ffc0aa71dfc52e79397fe04b154d30.php 第 125 行.
NOTIC: [8] Array to string conversion /home/stu/Code/www/Wap/Runtime/Cache/Home/a1ffc0aa71dfc52e79397fe04b154d30.php 第 125 行.
NOTIC: [8] Array to string conversion /home/stu/Code/www/Wap/Runtime/Cache/Home/a1ffc0aa71dfc52e79397fe04b154d30.php 第 125 行.
NOTIC: [8] Array to string conversion /home/stu/Code/www/Wap/Runtime/Cache/Home/a1ffc0aa71dfc52e79397fe04b154d30.php 第 125 行.
INFO: Run Behavior\ParseTemplateBehavior [ RunTime:0.012856s ]
INFO: [ view_parse ] --END-- [ RunTime:0.012902s ]
INFO: [ view_filter ] --START--
INFO: Run Behavior\WriteHtmlCacheBehavior [ RunTime:0.000109s ]
INFO: Run Behavior\TokenBuildBehavior [ RunTime:0.000169s ]
INFO: [ view_filter ] --END-- [ RunTime:0.000328s ]
INFO: [ app_end ] --START--
INFO: Run Behavior\ShowPageTraceBehavior [ RunTime:0.000472s ]
INFO: [ app_end ] --END-- [ RunTime:0.000528s ]

[ 2016-05-25T06:57:23+08:00 ] 127.0.0.1 /Good/showGood/good_id/4
INFO: [ app_init ] --START--
INFO: Run Behavior\BuildLiteBehavior [ RunTime:0.000016s ]
INFO: [ app_init ] --END-- [ RunTime:0.000261s ]
INFO: [ app_begin ] --START--
INFO: Run Behavior\ReadHtmlCacheBehavior [ RunTime:0.000295s ]
INFO: [ app_begin ] --END-- [ RunTime:0.000331s ]
SQL: SHOW COLUMNS FROM `comments` [ RunTime:0.0007s ]
NOTIC: [8] Undefined index: p /home/stu/Code/www/ThinkPHP/Library/Org/Util/Page.class.php 第 37 行.
NOTIC: [8] Use of undefined constant in - assumed 'in' /home/stu/Code/www/ThinkPHP/Common/functions.php 第 657 行.
NOTIC: [8] Use of undefined constant in - assumed 'in' /home/stu/Code/www/ThinkPHP/Common/functions.php 第 657 行.
NOTIC: [8] Use of undefined constant in - assumed 'in' /home/stu/Code/www/ThinkPHP/Common/functions.php 第 657 行.
NOTIC: [8] Use of undefined constant in - assumed 'in' /home/stu/Code/www/ThinkPHP/Common/functions.php 第 657 行.
NOTIC: [8] Use of undefined constant in - assumed 'in' /home/stu/Code/www/ThinkPHP/Common/functions.php 第 657 行.
NOTIC: [8] Use of undefined constant in - assumed 'in' /home/stu/Code/www/ThinkPHP/Common/functions.php 第 657 行.
NOTIC: [8] Use of undefined constant in - assumed 'in' /home/stu/Code/www/ThinkPHP/Common/functions.php 第 657 行.
SQL: SHOW COLUMNS FROM `goods` [ RunTime:0.0008s ]
SQL: SHOW COLUMNS FROM `users` [ RunTime:0.0007s ]
SQL: SHOW COLUMNS FROM `reals` [ RunTime:0.0005s ]
SQL: SHOW COLUMNS FROM `images` [ RunTime:0.0008s ]
SQL: SELECT * FROM `goods` WHERE `good_id` = 4 LIMIT 1   [ RunTime:0.0003s ]
SQL: SELECT `good_id`,`user_id`,`user_name`,`raply_id`,`raply_name`,`content`,`add_time` FROM `comments` WHERE ( 1=1 AND good_id='4' )  [ RunTime:0.0003s ]
SQL: SELECT `save_path` FROM `images` WHERE `user_id` = 2 LIMIT 1   [ RunTime:0.0002s ]
NOTIC: [8] Undefined index: user_id /home/stu/Code/www/Wap/Home/Controller/GoodController.class.php 第 162 行.
SQL: SELECT `real_location` FROM `reals` WHERE `user_id` = null LIMIT 1   [ RunTime:0.0001s ]
SQL: SHOW COLUMNS FROM `collect_goods` [ RunTime:0.0005s ]
SQL: SELECT COUNT(*) AS tp_count FROM `collect_goods` WHERE `user_id` = '1' AND `good_id` = 4 LIMIT 1   [ RunTime:0.0002s ]
SQL: SELECT `good_id`,`save_path` FROM `images` WHERE `good_id` = 4  [ RunTime:0.0002s ]
SQL: select a.user_id,a.user_name,a.raply_id,a.raply_name,a.content,a.add_time,b.save_path from (select user_id,user_name,raply_id,raply_name,content,add_time from comments where good_id = 4 order by add_time desc limit 0,9) as a left join images as b on a.user_id = b.user_id [ RunTime:0.0004s ]
INFO: [ view_parse ] --START--
INFO: [ template_filter ] --START--
INFO: Run Behavior\ContentReplaceBehavior [ RunTime:0.000064s ]
INFO: [ template_filter ] --END-- [ RunTime:0.000117s ]
NOTIC: [8] Undefined variable: is_real /home/stu/Code/www/Wap/Runtime/Cache/Home/a1ffc0aa71dfc52e79397fe04b154d30.php 第 70 行.
NOTIC: [8] Array to string conversion /home/stu/Code/www/Wap/Runtime/Cache/Home/a1ffc0aa71dfc52e79397fe04b154d30.php 第 70 行.
NOTIC: [8] Array to string conversion /home/stu/Code/www/Wap/Runtime/Cache/Home/a1ffc0aa71dfc52e79397fe04b154d30.php 第 125 行.
NOTIC: [8] Array to string conversion /home/stu/Code/www/Wap/Runtime/Cache/Home/a1ffc0aa71dfc52e79397fe04b154d30.php 第 125 行.
NOTIC: [8] Array to string conversion /home/stu/Code/www/Wap/Runtime/Cache/Home/a1ffc0aa71dfc52e79397fe04b154d30.php 第 125 行.
NOTIC: [8] Array to string conversion /home/stu/Code/www/Wap/Runtime/Cache/Home/a1ffc0aa71dfc52e79397fe04b154d30.php 第 125 行.
NOTIC: [8] Array to string conversion /home/stu/Code/www/Wap/Runtime/Cache/Home/a1ffc0aa71dfc52e79397fe04b154d30.php 第 125 行.
NOTIC: [8] Array to string conversion /home/stu/Code/www/Wap/Runtime/Cache/Home/a1ffc0aa71dfc52e79397fe04b154d30.php 第 125 行.
NOTIC: [8] Array to string conversion /home/stu/Code/www/Wap/Runtime/Cache/Home/a1ffc0aa71dfc52e79397fe04b154d30.php 第 125 行.
NOTIC: [8] Array to string conversion /home/stu/Code/www/Wap/Runtime/Cache/Home/a1ffc0aa71dfc52e79397fe04b154d30.php 第 125 行.
INFO: Run Behavior\ParseTemplateBehavior [ RunTime:0.010878s ]
INFO: [ view_parse ] --END-- [ RunTime:0.010917s ]
INFO: [ view_filter ] --START--
INFO: Run Behavior\WriteHtmlCacheBehavior [ RunTime:0.000099s ]
INFO: Run Behavior\TokenBuildBehavior [ RunTime:0.000237s ]
INFO: [ view_filter ] --END-- [ RunTime:0.000398s ]
INFO: [ app_end ] --START--
INFO: Run Behavior\ShowPageTraceBehavior [ RunTime:0.000672s ]
INFO: [ app_end ] --END-- [ RunTime:0.000740s ]

[ 2016-05-25T06:57:30+08:00 ] 127.0.0.1 /Lost/getList/lost_id/3
INFO: [ app_init ] --START--
INFO: Run Behavior\BuildLiteBehavior [ RunTime:0.000021s ]
INFO: [ app_init ] --END-- [ RunTime:0.000536s ]
INFO: [ app_begin ] --START--
INFO: Run Behavior\ReadHtmlCacheBehavior [ RunTime:0.000550s ]
INFO: [ app_begin ] --END-- [ RunTime:0.000632s ]
NOTIC: [8] Use of undefined constant in - assumed 'in' /home/stu/Code/www/ThinkPHP/Common/functions.php 第 657 行.
SQL: SHOW COLUMNS FROM `losts` [ RunTime:0.0007s ]
NOTIC: [8] Undefined index: p /home/stu/Code/www/ThinkPHP/Library/Org/Util/Page.class.php 第 37 行.
SQL: SELECT * FROM `losts` WHERE `is_full` = 0 AND `add_time` BETWEEN 1461538650 AND 1464130650 ORDER BY `lost_id` desc LIMIT 0,9   [ RunTime:0.0005s ]
INFO: [ view_parse ] --START--
INFO: [ template_filter ] --START--
INFO: Run Behavior\ContentReplaceBehavior [ RunTime:0.000047s ]
INFO: [ template_filter ] --END-- [ RunTime:0.000121s ]
NOTIC: [8] Array to string conversion /home/stu/Code/www/Wap/Runtime/Cache/Home/2db5884c703c9d28301e9ead8f90dd59.php 第 41 行.
NOTIC: [8] Array to string conversion /home/stu/Code/www/Wap/Runtime/Cache/Home/2db5884c703c9d28301e9ead8f90dd59.php 第 41 行.
NOTIC: [8] Array to string conversion /home/stu/Code/www/Wap/Runtime/Cache/Home/2db5884c703c9d28301e9ead8f90dd59.php 第 41 行.
INFO: Run Behavior\ParseTemplateBehavior [ RunTime:0.008502s ]
INFO: [ view_parse ] --END-- [ RunTime:0.008551s ]
INFO: [ view_filter ] --START--
INFO: Run Behavior\WriteHtmlCacheBehavior [ RunTime:0.000109s ]
INFO: Run Behavior\TokenBuildBehavior [ RunTime:0.000183s ]
INFO: [ view_filter ] --END-- [ RunTime:0.000338s ]
INFO: [ app_end ] --START--
INFO: Run Behavior\ShowPageTraceBehavior [ RunTime:0.000337s ]
INFO: [ app_end ] --END-- [ RunTime:0.000397s ]

[ 2016-05-25T06:57:34+08:00 ] 127.0.0.1 /Lost/getList/lost_id/3
INFO: [ app_init ] --START--
INFO: Run Behavior\BuildLiteBehavior [ RunTime:0.000019s ]
INFO: [ app_init ] --END-- [ RunTime:0.000362s ]
INFO: [ app_begin ] --START--
INFO: Run Behavior\ReadHtmlCacheBehavior [ RunTime:0.000442s ]
INFO: [ app_begin ] --END-- [ RunTime:0.000498s ]
NOTIC: [8] Use of undefined constant in - assumed 'in' /home/stu/Code/www/ThinkPHP/Common/functions.php 第 657 行.
SQL: SHOW COLUMNS FROM `losts` [ RunTime:0.0005s ]
NOTIC: [8] Undefined index: p /home/stu/Code/www/ThinkPHP/Library/Org/Util/Page.class.php 第 37 行.
SQL: SELECT * FROM `losts` WHERE `is_full` = 0 AND `add_time` BETWEEN 1461538654 AND 1464130654 ORDER BY `lost_id` desc LIMIT 0,9   [ RunTime:0.0004s ]
INFO: [ view_parse ] --START--
INFO: [ template_filter ] --START--
INFO: Run Behavior\ContentReplaceBehavior [ RunTime:0.000039s ]
INFO: [ template_filter ] --END-- [ RunTime:0.000091s ]
NOTIC: [8] Array to string conversion /home/stu/Code/www/Wap/Runtime/Cache/Home/2db5884c703c9d28301e9ead8f90dd59.php 第 41 行.
NOTIC: [8] Array to string conversion /home/stu/Code/www/Wap/Runtime/Cache/Home/2db5884c703c9d28301e9ead8f90dd59.php 第 41 行.
NOTIC: [8] Array to string conversion /home/stu/Code/www/Wap/Runtime/Cache/Home/2db5884c703c9d28301e9ead8f90dd59.php 第 41 行.
INFO: Run Behavior\ParseTemplateBehavior [ RunTime:0.007142s ]
INFO: [ view_parse ] --END-- [ RunTime:0.007182s ]
INFO: [ view_filter ] --START--
INFO: Run Behavior\WriteHtmlCacheBehavior [ RunTime:0.000095s ]
INFO: Run Behavior\TokenBuildBehavior [ RunTime:0.000191s ]
INFO: [ view_filter ] --END-- [ RunTime:0.000334s ]
INFO: [ app_end ] --START--
INFO: Run Behavior\ShowPageTraceBehavior [ RunTime:0.000356s ]
INFO: [ app_end ] --END-- [ RunTime:0.000397s ]

[ 2016-05-25T06:58:32+08:00 ] 127.0.0.1 /Message/showMessage/type/1
INFO: [ app_init ] --START--
INFO: Run Behavior\BuildLiteBehavior [ RunTime:0.000020s ]
INFO: [ app_init ] --END-- [ RunTime:0.000378s ]
INFO: [ app_begin ] --START--
INFO: Run Behavior\ReadHtmlCacheBehavior [ RunTime:0.000478s ]
INFO: [ app_begin ] --END-- [ RunTime:0.000543s ]
SQL: SHOW COLUMNS FROM `messages` [ RunTime:0.0007s ]
NOTIC: [8] Undefined index: p /home/stu/Code/www/ThinkPHP/Library/Org/Util/Page.class.php 第 37 行.
SQL: SELECT * FROM `messages` WHERE `user_id` = 1 AND `type` = 1 ORDER BY `is_read` asc,`add_time` desc LIMIT 0,16   [ RunTime:0.0003s ]
SQL: SHOW COLUMNS FROM `letters` [ RunTime:0.0007s ]
SQL: SELECT COUNT(*) AS tp_count FROM `letters` WHERE `raply_id` = 1 AND `is_read` = 0 LIMIT 1   [ RunTime:0.0002s ]
SQL: SELECT COUNT(*) AS tp_count FROM `messages` WHERE `user_id` = 1 AND `type` = 2 AND `is_read` = 0 LIMIT 1   [ RunTime:0.0001s ]
SQL: SELECT COUNT(*) AS tp_count FROM `messages` WHERE `user_id` = 1 AND `type` = 1 AND `is_read` = 0 LIMIT 1   [ RunTime:0.0001s ]
SQL: SELECT COUNT(*) AS tp_count FROM `messages` WHERE `user_id` = 1 AND `type` = 3 AND `is_read` = 0 LIMIT 1   [ RunTime:0.0002s ]
SQL: SELECT COUNT(*) AS tp_count FROM `messages` WHERE `user_id` = 1 AND `type` = 5 AND `is_read` = 0 LIMIT 1   [ RunTime:0.0002s ]
INFO: [ view_parse ] --START--
INFO: [ template_filter ] --START--
INFO: Run Behavior\ContentReplaceBehavior [ RunTime:0.000038s ]
INFO: [ template_filter ] --END-- [ RunTime:0.000103s ]
INFO: Run Behavior\ParseTemplateBehavior [ RunTime:0.006642s ]
INFO: [ view_parse ] --END-- [ RunTime:0.006686s ]
INFO: [ view_filter ] --START--
INFO: Run Behavior\WriteHtmlCacheBehavior [ RunTime:0.000096s ]
INFO: Run Behavior\TokenBuildBehavior [ RunTime:0.000157s ]
INFO: [ view_filter ] --END-- [ RunTime:0.000299s ]
INFO: [ app_end ] --START--
INFO: Run Behavior\ShowPageTraceBehavior [ RunTime:0.000350s ]
INFO: [ app_end ] --END-- [ RunTime:0.000398s ]

[ 2016-05-25T06:58:34+08:00 ] 127.0.0.1 /Message/showMessage/type/2
INFO: [ app_init ] --START--
INFO: Run Behavior\BuildLiteBehavior [ RunTime:0.000017s ]
INFO: [ app_init ] --END-- [ RunTime:0.000346s ]
INFO: [ app_begin ] --START--
INFO: Run Behavior\ReadHtmlCacheBehavior [ RunTime:0.000440s ]
INFO: [ app_begin ] --END-- [ RunTime:0.000492s ]
SQL: SHOW COLUMNS FROM `messages` [ RunTime:0.0005s ]
NOTIC: [8] Undefined index: p /home/stu/Code/www/ThinkPHP/Library/Org/Util/Page.class.php 第 37 行.
SQL: SELECT * FROM `messages` WHERE `user_id` = 1 AND `type` = 2 ORDER BY `is_read` asc,`add_time` desc LIMIT 0,16   [ RunTime:0.0004s ]
SQL: UPDATE `messages` SET `is_read`='1' WHERE `message_id` IN ('5') [ RunTime:0.0003s ]
SQL: SHOW COLUMNS FROM `letters` [ RunTime:0.0007s ]
SQL: SELECT COUNT(*) AS tp_count FROM `letters` WHERE `raply_id` = 1 AND `is_read` = 0 LIMIT 1   [ RunTime:0.0003s ]
SQL: SELECT COUNT(*) AS tp_count FROM `messages` WHERE `user_id` = 1 AND `type` = 2 AND `is_read` = 0 LIMIT 1   [ RunTime:0.0002s ]
SQL: SELECT COUNT(*) AS tp_count FROM `messages` WHERE `user_id` = 1 AND `type` = 1 AND `is_read` = 0 LIMIT 1   [ RunTime:0.0002s ]
SQL: SELECT COUNT(*) AS tp_count FROM `messages` WHERE `user_id` = 1 AND `type` = 3 AND `is_read` = 0 LIMIT 1   [ RunTime:0.0003s ]
SQL: SELECT COUNT(*) AS tp_count FROM `messages` WHERE `user_id` = 1 AND `type` = 5 AND `is_read` = 0 LIMIT 1   [ RunTime:0.0003s ]
INFO: [ view_parse ] --START--
INFO: [ template_filter ] --START--
INFO: Run Behavior\ContentReplaceBehavior [ RunTime:0.000069s ]
INFO: [ template_filter ] --END-- [ RunTime:0.000142s ]
INFO: Run Behavior\ParseTemplateBehavior [ RunTime:0.007050s ]
INFO: [ view_parse ] --END-- [ RunTime:0.007103s ]
INFO: [ view_filter ] --START--
INFO: Run Behavior\WriteHtmlCacheBehavior [ RunTime:0.000108s ]
INFO: Run Behavior\TokenBuildBehavior [ RunTime:0.000168s ]
INFO: [ view_filter ] --END-- [ RunTime:0.000325s ]
INFO: [ app_end ] --START--
INFO: Run Behavior\ShowPageTraceBehavior [ RunTime:0.000314s ]
INFO: [ app_end ] --END-- [ RunTime:0.000348s ]

[ 2016-05-25T06:58:36+08:00 ] 127.0.0.1 /Order/showOrder/order_id/1
INFO: [ app_init ] --START--
INFO: Run Behavior\BuildLiteBehavior [ RunTime:0.000017s ]
INFO: [ app_init ] --END-- [ RunTime:0.000332s ]
INFO: [ app_begin ] --START--
INFO: Run Behavior\ReadHtmlCacheBehavior [ RunTime:0.000412s ]
INFO: [ app_begin ] --END-- [ RunTime:0.000459s ]
SQL: SHOW COLUMNS FROM `order_infos` [ RunTime:0.0006s ]
NOTIC: [8] Undefined index: p /home/stu/Code/www/ThinkPHP/Library/Org/Util/Page.class.php 第 37 行.
SQL: SELECT * FROM `order_infos` WHERE `order_id` = 1  [ RunTime:0.0003s ]
SQL: select g.good_id,g.num,s.thumb_img,s.good_name from (select good_id,num from order_goods where order_id=1) as g left join goods as s on g.good_id=s.good_id [ RunTime:0.0003s ]
INFO: [ view_parse ] --START--
INFO: [ template_filter ] --START--
INFO: Run Behavior\ContentReplaceBehavior [ RunTime:0.000059s ]
INFO: [ template_filter ] --END-- [ RunTime:0.000129s ]
NOTIC: [8] Undefined index: type /home/stu/Code/www/Wap/Runtime/Cache/Home/0d84e43e15c87cbbb26c378ec75606d5.php 第 34 行.
NOTIC: [8] Undefined index: type /home/stu/Code/www/Wap/Runtime/Cache/Home/0d84e43e15c87cbbb26c378ec75606d5.php 第 35 行.
NOTIC: [8] Undefined index: type /home/stu/Code/www/Wap/Runtime/Cache/Home/0d84e43e15c87cbbb26c378ec75606d5.php 第 54 行.
NOTIC: [8] Undefined variable: row /home/stu/Code/www/Wap/Runtime/Cache/Home/0d84e43e15c87cbbb26c378ec75606d5.php 第 58 行.
INFO: Run Behavior\ParseTemplateBehavior [ RunTime:0.016379s ]
INFO: [ view_parse ] --END-- [ RunTime:0.016438s ]
INFO: [ view_filter ] --START--
INFO: Run Behavior\WriteHtmlCacheBehavior [ RunTime:0.000151s ]
INFO: Run Behavior\TokenBuildBehavior [ RunTime:0.000246s ]
INFO: [ view_filter ] --END-- [ RunTime:0.000470s ]
INFO: [ app_end ] --START--
INFO: Run Behavior\ShowPageTraceBehavior [ RunTime:0.000414s ]
INFO: [ app_end ] --END-- [ RunTime:0.000456s ]

[ 2016-05-25T06:58:41+08:00 ] 127.0.0.1 /Message/showMessage/type/3
INFO: [ app_init ] --START--
INFO: Run Behavior\BuildLiteBehavior [ RunTime:0.000023s ]
INFO: [ app_init ] --END-- [ RunTime:0.000559s ]
INFO: [ app_begin ] --START--
INFO: Run Behavior\ReadHtmlCacheBehavior [ RunTime:0.000534s ]
INFO: [ app_begin ] --END-- [ RunTime:0.000611s ]
SQL: SHOW COLUMNS FROM `messages` [ RunTime:0.0007s ]
NOTIC: [8] Undefined index: p /home/stu/Code/www/ThinkPHP/Library/Org/Util/Page.class.php 第 37 行.
SQL: SELECT * FROM `messages` WHERE `user_id` = 1 AND `type` = 3 ORDER BY `is_read` asc,`add_time` desc LIMIT 0,16   [ RunTime:0.0004s ]
SQL: UPDATE `messages` SET `is_read`='1' WHERE `message_id` IN ('8','3','1') [ RunTime:0.0002s ]
SQL: SHOW COLUMNS FROM `letters` [ RunTime:0.0005s ]
SQL: SELECT COUNT(*) AS tp_count FROM `letters` WHERE `raply_id` = 1 AND `is_read` = 0 LIMIT 1   [ RunTime:0.0002s ]
SQL: SELECT COUNT(*) AS tp_count FROM `messages` WHERE `user_id` = 1 AND `type` = 2 AND `is_read` = 0 LIMIT 1   [ RunTime:0.0002s ]
SQL: SELECT COUNT(*) AS tp_count FROM `messages` WHERE `user_id` = 1 AND `type` = 1 AND `is_read` = 0 LIMIT 1   [ RunTime:0.0001s ]
SQL: SELECT COUNT(*) AS tp_count FROM `messages` WHERE `user_id` = 1 AND `type` = 3 AND `is_read` = 0 LIMIT 1   [ RunTime:0.0002s ]
SQL: SELECT COUNT(*) AS tp_count FROM `messages` WHERE `user_id` = 1 AND `type` = 5 AND `is_read` = 0 LIMIT 1   [ RunTime:0.0003s ]
INFO: [ view_parse ] --START--
INFO: [ template_filter ] --START--
INFO: Run Behavior\ContentReplaceBehavior [ RunTime:0.000048s ]
INFO: [ template_filter ] --END-- [ RunTime:0.000106s ]
INFO: Run Behavior\ParseTemplateBehavior [ RunTime:0.010225s ]
INFO: [ view_parse ] --END-- [ RunTime:0.010306s ]
INFO: [ view_filter ] --START--
INFO: Run Behavior\WriteHtmlCacheBehavior [ RunTime:0.000108s ]
INFO: Run Behavior\TokenBuildBehavior [ RunTime:0.000174s ]
INFO: [ view_filter ] --END-- [ RunTime:0.000331s ]
INFO: [ app_end ] --START--
INFO: Run Behavior\ShowPageTraceBehavior [ RunTime:0.000318s ]
INFO: [ app_end ] --END-- [ RunTime:0.000355s ]

[ 2016-05-25T06:58:42+08:00 ] 127.0.0.1 /Switch/showSwitch/type/0/switch_id/3
INFO: [ app_init ] --START--
INFO: Run Behavior\BuildLiteBehavior [ RunTime:0.000015s ]
INFO: [ app_init ] --END-- [ RunTime:0.000269s ]
INFO: [ app_begin ] --START--
INFO: Run Behavior\ReadHtmlCacheBehavior [ RunTime:0.000349s ]
INFO: [ app_begin ] --END-- [ RunTime:0.000389s ]
NOTIC: [8] Use of undefined constant in - assumed 'in' /home/stu/Code/www/ThinkPHP/Common/functions.php 第 657 行.
SQL: SHOW COLUMNS FROM `switchs` [ RunTime:0.0007s ]
NOTIC: [8] Undefined index: p /home/stu/Code/www/ThinkPHP/Library/Org/Util/Page.class.php 第 37 行.
SQL: SELECT * FROM `switchs` WHERE `switch_id` = 3  [ RunTime:0.0004s ]
NOTIC: [8] Use of undefined constant in - assumed 'in' /home/stu/Code/www/ThinkPHP/Common/functions.php 第 657 行.
NOTIC: [8] Use of undefined constant in - assumed 'in' /home/stu/Code/www/ThinkPHP/Common/functions.php 第 657 行.
NOTIC: [8] Use of undefined constant in - assumed 'in' /home/stu/Code/www/ThinkPHP/Common/functions.php 第 657 行.
NOTIC: [8] Use of undefined constant in - assumed 'in' /home/stu/Code/www/ThinkPHP/Common/functions.php 第 657 行.
NOTIC: [8] Use of undefined constant in - assumed 'in' /home/stu/Code/www/ThinkPHP/Common/functions.php 第 657 行.
NOTIC: [8] Use of undefined constant in - assumed 'in' /home/stu/Code/www/ThinkPHP/Common/functions.php 第 657 行.
NOTIC: [8] Use of undefined constant in - assumed 'in' /home/stu/Code/www/ThinkPHP/Common/functions.php 第 657 行.
SQL: SHOW COLUMNS FROM `goods` [ RunTime:0.0009s ]
SQL: SELECT * FROM `goods` WHERE `good_id` IN ('1','8')  [ RunTime:0.0005s ]
INFO: [ view_parse ] --START--
INFO: [ template_filter ] --START--
INFO: Run Behavior\ContentReplaceBehavior [ RunTime:0.000076s ]
INFO: [ template_filter ] --END-- [ RunTime:0.000152s ]
NOTIC: [8] Array to string conversion /home/stu/Code/www/Wap/Runtime/Cache/Home/e435626a0b14872a93ef525114acf3bb.php 第 60 行.
NOTIC: [8] Array to string conversion /home/stu/Code/www/Wap/Runtime/Cache/Home/e435626a0b14872a93ef525114acf3bb.php 第 68 行.
INFO: Run Behavior\ParseTemplateBehavior [ RunTime:0.010860s ]
INFO: [ view_parse ] --END-- [ RunTime:0.010915s ]
INFO: [ view_filter ] --START--
INFO: Run Behavior\WriteHtmlCacheBehavior [ RunTime:0.000106s ]
INFO: Run Behavior\TokenBuildBehavior [ RunTime:0.000177s ]
INFO: [ view_filter ] --END-- [ RunTime:0.000331s ]
INFO: [ app_end ] --START--
INFO: Run Behavior\ShowPageTraceBehavior [ RunTime:0.000312s ]
INFO: [ app_end ] --END-- [ RunTime:0.000344s ]

[ 2016-05-25T06:58:47+08:00 ] 127.0.0.1 /Message/showMessage/type/5
INFO: [ app_init ] --START--
INFO: Run Behavior\BuildLiteBehavior [ RunTime:0.000014s ]
INFO: [ app_init ] --END-- [ RunTime:0.000238s ]
INFO: [ app_begin ] --START--
INFO: Run Behavior\ReadHtmlCacheBehavior [ RunTime:0.000301s ]
INFO: [ app_begin ] --END-- [ RunTime:0.000335s ]
SQL: SHOW COLUMNS FROM `messages` [ RunTime:0.0005s ]
NOTIC: [8] Undefined index: p /home/stu/Code/www/ThinkPHP/Library/Org/Util/Page.class.php 第 37 行.
SQL: SELECT * FROM `messages` WHERE `user_id` = 1 AND `type` = 5 ORDER BY `is_read` asc,`add_time` desc LIMIT 0,16   [ RunTime:0.0005s ]
SQL: UPDATE `messages` SET `is_read`='1' WHERE `message_id` IN ('44','42','41','40','37','36','35','33','31','28','27','26','25','24','23') [ RunTime:0.0003s ]
SQL: SHOW COLUMNS FROM `letters` [ RunTime:0.0007s ]
SQL: SELECT COUNT(*) AS tp_count FROM `letters` WHERE `raply_id` = 1 AND `is_read` = 0 LIMIT 1   [ RunTime:0.0002s ]
SQL: SELECT COUNT(*) AS tp_count FROM `messages` WHERE `user_id` = 1 AND `type` = 2 AND `is_read` = 0 LIMIT 1   [ RunTime:0.0002s ]
SQL: SELECT COUNT(*) AS tp_count FROM `messages` WHERE `user_id` = 1 AND `type` = 1 AND `is_read` = 0 LIMIT 1   [ RunTime:0.0001s ]
SQL: SELECT COUNT(*) AS tp_count FROM `messages` WHERE `user_id` = 1 AND `type` = 3 AND `is_read` = 0 LIMIT 1   [ RunTime:0.0002s ]
SQL: SELECT COUNT(*) AS tp_count FROM `messages` WHERE `user_id` = 1 AND `type` = 5 AND `is_read` = 0 LIMIT 1   [ RunTime:0.0001s ]
INFO: [ view_parse ] --START--
INFO: [ template_filter ] --START--
INFO: Run Behavior\ContentReplaceBehavior [ RunTime:0.000038s ]
INFO: [ template_filter ] --END-- [ RunTime:0.000091s ]
INFO: Run Behavior\ParseTemplateBehavior [ RunTime:0.007140s ]
INFO: [ view_parse ] --END-- [ RunTime:0.007200s ]
INFO: [ view_filter ] --START--
INFO: Run Behavior\WriteHtmlCacheBehavior [ RunTime:0.000111s ]
INFO: Run Behavior\TokenBuildBehavior [ RunTime:0.000181s ]
INFO: [ view_filter ] --END-- [ RunTime:0.000343s ]
INFO: [ app_end ] --START--
INFO: Run Behavior\ShowPageTraceBehavior [ RunTime:0.000525s ]
INFO: [ app_end ] --END-- [ RunTime:0.000602s ]

[ 2016-05-25T06:58:48+08:00 ] 127.0.0.1 /Good/showGood/good_id/4
INFO: [ app_init ] --START--
INFO: Run Behavior\BuildLiteBehavior [ RunTime:0.000020s ]
INFO: [ app_init ] --END-- [ RunTime:0.000404s ]
INFO: [ app_begin ] --START--
INFO: Run Behavior\ReadHtmlCacheBehavior [ RunTime:0.000525s ]
INFO: [ app_begin ] --END-- [ RunTime:0.000589s ]
SQL: SHOW COLUMNS FROM `comments` [ RunTime:0.0012s ]
NOTIC: [8] Undefined index: p /home/stu/Code/www/ThinkPHP/Library/Org/Util/Page.class.php 第 37 行.
NOTIC: [8] Use of undefined constant in - assumed 'in' /home/stu/Code/www/ThinkPHP/Common/functions.php 第 657 行.
NOTIC: [8] Use of undefined constant in - assumed 'in' /home/stu/Code/www/ThinkPHP/Common/functions.php 第 657 行.
NOTIC: [8] Use of undefined constant in - assumed 'in' /home/stu/Code/www/ThinkPHP/Common/functions.php 第 657 行.
NOTIC: [8] Use of undefined constant in - assumed 'in' /home/stu/Code/www/ThinkPHP/Common/functions.php 第 657 行.
NOTIC: [8] Use of undefined constant in - assumed 'in' /home/stu/Code/www/ThinkPHP/Common/functions.php 第 657 行.
NOTIC: [8] Use of undefined constant in - assumed 'in' /home/stu/Code/www/ThinkPHP/Common/functions.php 第 657 行.
NOTIC: [8] Use of undefined constant in - assumed 'in' /home/stu/Code/www/ThinkPHP/Common/functions.php 第 657 行.
SQL: SHOW COLUMNS FROM `goods` [ RunTime:0.0007s ]
SQL: SHOW COLUMNS FROM `users` [ RunTime:0.0007s ]
SQL: SHOW COLUMNS FROM `reals` [ RunTime:0.0005s ]
SQL: SHOW COLUMNS FROM `images` [ RunTime:0.0005s ]
SQL: SELECT * FROM `goods` WHERE `good_id` = 4 LIMIT 1   [ RunTime:0.0003s ]
SQL: SELECT `good_id`,`user_id`,`user_name`,`raply_id`,`raply_name`,`content`,`add_time` FROM `comments` WHERE ( 1=1 AND good_id='4' )  [ RunTime:0.0003s ]
SQL: SELECT `save_path` FROM `images` WHERE `user_id` = 2 LIMIT 1   [ RunTime:0.0002s ]
NOTIC: [8] Undefined index: user_id /home/stu/Code/www/Wap/Home/Controller/GoodController.class.php 第 162 行.
SQL: SELECT `real_location` FROM `reals` WHERE `user_id` = null LIMIT 1   [ RunTime:0.0001s ]
SQL: SHOW COLUMNS FROM `collect_goods` [ RunTime:0.0004s ]
SQL: SELECT COUNT(*) AS tp_count FROM `collect_goods` WHERE `user_id` = '1' AND `good_id` = 4 LIMIT 1   [ RunTime:0.0001s ]
SQL: SELECT `good_id`,`save_path` FROM `images` WHERE `good_id` = 4  [ RunTime:0.0001s ]
SQL: select a.user_id,a.user_name,a.raply_id,a.raply_name,a.content,a.add_time,b.save_path from (select user_id,user_name,raply_id,raply_name,content,add_time from comments where good_id = 4 order by add_time desc limit 0,9) as a left join images as b on a.user_id = b.user_id [ RunTime:0.0003s ]
INFO: [ view_parse ] --START--
INFO: [ template_filter ] --START--
INFO: Run Behavior\ContentReplaceBehavior [ RunTime:0.000063s ]
INFO: [ template_filter ] --END-- [ RunTime:0.000116s ]
NOTIC: [8] Undefined variable: is_real /home/stu/Code/www/Wap/Runtime/Cache/Home/a1ffc0aa71dfc52e79397fe04b154d30.php 第 70 行.
NOTIC: [8] Array to string conversion /home/stu/Code/www/Wap/Runtime/Cache/Home/a1ffc0aa71dfc52e79397fe04b154d30.php 第 70 行.
NOTIC: [8] Array to string conversion /home/stu/Code/www/Wap/Runtime/Cache/Home/a1ffc0aa71dfc52e79397fe04b154d30.php 第 125 行.
NOTIC: [8] Array to string conversion /home/stu/Code/www/Wap/Runtime/Cache/Home/a1ffc0aa71dfc52e79397fe04b154d30.php 第 125 行.
NOTIC: [8] Array to string conversion /home/stu/Code/www/Wap/Runtime/Cache/Home/a1ffc0aa71dfc52e79397fe04b154d30.php 第 125 行.
NOTIC: [8] Array to string conversion /home/stu/Code/www/Wap/Runtime/Cache/Home/a1ffc0aa71dfc52e79397fe04b154d30.php 第 125 行.
NOTIC: [8] Array to string conversion /home/stu/Code/www/Wap/Runtime/Cache/Home/a1ffc0aa71dfc52e79397fe04b154d30.php 第 125 行.
NOTIC: [8] Array to string conversion /home/stu/Code/www/Wap/Runtime/Cache/Home/a1ffc0aa71dfc52e79397fe04b154d30.php 第 125 行.
NOTIC: [8] Array to string conversion /home/stu/Code/www/Wap/Runtime/Cache/Home/a1ffc0aa71dfc52e79397fe04b154d30.php 第 125 行.
NOTIC: [8] Array to string conversion /home/stu/Code/www/Wap/Runtime/Cache/Home/a1ffc0aa71dfc52e79397fe04b154d30.php 第 125 行.
INFO: Run Behavior\ParseTemplateBehavior [ RunTime:0.011252s ]
INFO: [ view_parse ] --END-- [ RunTime:0.011291s ]
INFO: [ view_filter ] --START--
INFO: Run Behavior\WriteHtmlCacheBehavior [ RunTime:0.000106s ]
INFO: Run Behavior\TokenBuildBehavior [ RunTime:0.000168s ]
INFO: [ view_filter ] --END-- [ RunTime:0.000323s ]
INFO: [ app_end ] --START--
INFO: Run Behavior\ShowPageTraceBehavior [ RunTime:0.000443s ]
INFO: [ app_end ] --END-- [ RunTime:0.000493s ]

[ 2016-05-25T06:58:59+08:00 ] 127.0.0.1 /Message/showMessage/type/5?&p=2
INFO: [ app_init ] --START--
INFO: Run Behavior\BuildLiteBehavior [ RunTime:0.000021s ]
INFO: [ app_init ] --END-- [ RunTime:0.000457s ]
INFO: [ app_begin ] --START--
INFO: Run Behavior\ReadHtmlCacheBehavior [ RunTime:0.000792s ]
INFO: [ app_begin ] --END-- [ RunTime:0.000885s ]
SQL: SHOW COLUMNS FROM `messages` [ RunTime:0.0005s ]
SQL: SELECT * FROM `messages` WHERE `user_id` = 1 AND `type` = 5 ORDER BY `is_read` asc,`add_time` desc LIMIT 15,16   [ RunTime:0.0004s ]
SQL: UPDATE `messages` SET `is_read`='1' WHERE `message_id` IN ('22','21','20','19','17','16','15','14','13') [ RunTime:0.0002s ]
SQL: SHOW COLUMNS FROM `letters` [ RunTime:0.0004s ]
SQL: SELECT COUNT(*) AS tp_count FROM `letters` WHERE `raply_id` = 1 AND `is_read` = 0 LIMIT 1   [ RunTime:0.0002s ]
SQL: SELECT COUNT(*) AS tp_count FROM `messages` WHERE `user_id` = 1 AND `type` = 2 AND `is_read` = 0 LIMIT 1   [ RunTime:0.0002s ]
SQL: SELECT COUNT(*) AS tp_count FROM `messages` WHERE `user_id` = 1 AND `type` = 1 AND `is_read` = 0 LIMIT 1   [ RunTime:0.0002s ]
SQL: SELECT COUNT(*) AS tp_count FROM `messages` WHERE `user_id` = 1 AND `type` = 3 AND `is_read` = 0 LIMIT 1   [ RunTime:0.0002s ]
SQL: SELECT COUNT(*) AS tp_count FROM `messages` WHERE `user_id` = 1 AND `type` = 5 AND `is_read` = 0 LIMIT 1   [ RunTime:0.0002s ]
INFO: [ view_parse ] --START--
INFO: [ template_filter ] --START--
INFO: Run Behavior\ContentReplaceBehavior [ RunTime:0.000049s ]
INFO: [ template_filter ] --END-- [ RunTime:0.000116s ]
INFO: Run Behavior\ParseTemplateBehavior [ RunTime:0.008357s ]
INFO: [ view_parse ] --END-- [ RunTime:0.008409s ]
INFO: [ view_filter ] --START--
INFO: Run Behavior\WriteHtmlCacheBehavior [ RunTime:0.000112s ]
INFO: Run Behavior\TokenBuildBehavior [ RunTime:0.000178s ]
INFO: [ view_filter ] --END-- [ RunTime:0.000342s ]
INFO: [ app_end ] --START--
INFO: Run Behavior\ShowPageTraceBehavior [ RunTime:0.000323s ]
INFO: [ app_end ] --END-- [ RunTime:0.000357s ]

[ 2016-05-25T06:59:00+08:00 ] 127.0.0.1 /Good/showGood/beg_id/4
INFO: [ app_init ] --START--
INFO: Run Behavior\BuildLiteBehavior [ RunTime:0.000019s ]
INFO: [ app_init ] --END-- [ RunTime:0.000401s ]
INFO: [ app_begin ] --START--
INFO: Run Behavior\ReadHtmlCacheBehavior [ RunTime:0.000685s ]
INFO: [ app_begin ] --END-- [ RunTime:0.006768s ]
SQL: SHOW COLUMNS FROM `comments` [ RunTime:0.0006s ]
NOTIC: [8] Undefined index: p /home/stu/Code/www/ThinkPHP/Library/Org/Util/Page.class.php 第 37 行.
NOTIC: [8] Use of undefined constant in - assumed 'in' /home/stu/Code/www/ThinkPHP/Common/functions.php 第 657 行.
NOTIC: [8] Use of undefined constant in - assumed 'in' /home/stu/Code/www/ThinkPHP/Common/functions.php 第 657 行.
NOTIC: [8] Use of undefined constant in - assumed 'in' /home/stu/Code/www/ThinkPHP/Common/functions.php 第 657 行.
NOTIC: [8] Use of undefined constant in - assumed 'in' /home/stu/Code/www/ThinkPHP/Common/functions.php 第 657 行.
NOTIC: [8] Use of undefined constant in - assumed 'in' /home/stu/Code/www/ThinkPHP/Common/functions.php 第 657 行.
NOTIC: [8] Use of undefined constant in - assumed 'in' /home/stu/Code/www/ThinkPHP/Common/functions.php 第 657 行.
NOTIC: [8] Use of undefined constant in - assumed 'in' /home/stu/Code/www/ThinkPHP/Common/functions.php 第 657 行.
SQL: SHOW COLUMNS FROM `goods` [ RunTime:0.0007s ]
SQL: SHOW COLUMNS FROM `users` [ RunTime:0.0004s ]
SQL: SHOW COLUMNS FROM `reals` [ RunTime:0.0006s ]
SQL: SHOW COLUMNS FROM `images` [ RunTime:0.0005s ]
SQL: SELECT * FROM `goods` WHERE `good_id` = 0 LIMIT 1   [ RunTime:0.0002s ]
SQL: SELECT `save_path` FROM `images` WHERE `user_id` = null LIMIT 1   [ RunTime:0.0001s ]
SQL: SELECT `real_location` FROM `reals` WHERE `user_id` = null LIMIT 1   [ RunTime:0.0001s ]
SQL: SHOW COLUMNS FROM `collect_goods` [ RunTime:0.0004s ]
SQL: SELECT COUNT(*) AS tp_count FROM `collect_goods` WHERE `user_id` = '1' AND `good_id` = '' LIMIT 1   [ RunTime:0.0002s ]
SQL: SELECT `good_id`,`save_path` FROM `images` WHERE `good_id` = 0  [ RunTime:0.0002s ]
ERR: 1064:You have an error in your SQL syntax; check the manual that corresponds to your MySQL server version for the right syntax to use near 'order by add_time desc limit 0,9) as a left join images as b on a.user_id = b.us' at line 1
 [ SQL语句 ] : select a.user_id,a.user_name,a.raply_id,a.raply_name,a.content,a.add_time,b.save_path from (select user_id,user_name,raply_id,raply_name,content,add_time from comments where good_id =  order by add_time desc limit 0,9) as a left join images as b on a.user_id = b.user_id
ERR: 1064:You have an error in your SQL syntax; check the manual that corresponds to your MySQL server version for the right syntax to use near 'order by add_time desc limit 0,9) as a left join images as b on a.user_id = b.us' at line 1
 [ SQL语句 ] : select a.user_id,a.user_name,a.raply_id,a.raply_name,a.content,a.add_time,b.save_path from (select user_id,user_name,raply_id,raply_name,content,add_time from comments where good_id =  order by add_time desc limit 0,9) as a left join images as b on a.user_id = b.user_id

[ 2016-05-25T07:00:28+08:00 ] 127.0.0.1 /Message/showMessage/type/2
INFO: [ app_init ] --START--
INFO: Run Behavior\BuildLiteBehavior [ RunTime:0.000014s ]
INFO: [ app_init ] --END-- [ RunTime:0.000239s ]
INFO: [ app_begin ] --START--
INFO: Run Behavior\ReadHtmlCacheBehavior [ RunTime:0.000286s ]
INFO: [ app_begin ] --END-- [ RunTime:0.000320s ]
SQL: SHOW COLUMNS FROM `messages` [ RunTime:0.0005s ]
NOTIC: [8] Undefined index: p /home/stu/Code/www/ThinkPHP/Library/Org/Util/Page.class.php 第 37 行.
SQL: SELECT * FROM `messages` WHERE `user_id` = 1 AND `type` = 2 ORDER BY `is_read` asc,`add_time` desc LIMIT 0,16   [ RunTime:0.0003s ]
SQL: UPDATE `messages` SET `is_read`='1' WHERE `message_id` IN ('5') [ RunTime:0.0002s ]
SQL: SHOW COLUMNS FROM `letters` [ RunTime:0.0007s ]
SQL: SELECT COUNT(*) AS tp_count FROM `letters` WHERE `raply_id` = 1 AND `is_read` = 0 LIMIT 1   [ RunTime:0.0003s ]
SQL: SELECT COUNT(*) AS tp_count FROM `messages` WHERE `user_id` = 1 AND `type` = 2 AND `is_read` = 0 LIMIT 1   [ RunTime:0.0002s ]
SQL: SELECT COUNT(*) AS tp_count FROM `messages` WHERE `user_id` = 1 AND `type` = 1 AND `is_read` = 0 LIMIT 1   [ RunTime:0.0002s ]
SQL: SELECT COUNT(*) AS tp_count FROM `messages` WHERE `user_id` = 1 AND `type` = 3 AND `is_read` = 0 LIMIT 1   [ RunTime:0.0002s ]
SQL: SELECT COUNT(*) AS tp_count FROM `messages` WHERE `user_id` = 1 AND `type` = 5 AND `is_read` = 0 LIMIT 1   [ RunTime:0.0003s ]
INFO: [ view_parse ] --START--
INFO: [ template_filter ] --START--
INFO: Run Behavior\ContentReplaceBehavior [ RunTime:0.000040s ]
INFO: [ template_filter ] --END-- [ RunTime:0.000093s ]
INFO: Run Behavior\ParseTemplateBehavior [ RunTime:0.008075s ]
INFO: [ view_parse ] --END-- [ RunTime:0.008133s ]
INFO: [ view_filter ] --START--
INFO: Run Behavior\WriteHtmlCacheBehavior [ RunTime:0.000115s ]
INFO: Run Behavior\TokenBuildBehavior [ RunTime:0.000174s ]
INFO: [ view_filter ] --END-- [ RunTime:0.000336s ]
INFO: [ app_end ] --START--
INFO: Run Behavior\ShowPageTraceBehavior [ RunTime:0.000312s ]
INFO: [ app_end ] --END-- [ RunTime:0.000342s ]

[ 2016-05-25T07:00:38+08:00 ] 127.0.0.1 /User/index
INFO: [ app_init ] --START--
INFO: Run Behavior\BuildLiteBehavior [ RunTime:0.000018s ]
INFO: [ app_init ] --END-- [ RunTime:0.000373s ]
INFO: [ app_begin ] --START--
INFO: Run Behavior\ReadHtmlCacheBehavior [ RunTime:0.000492s ]
INFO: [ app_begin ] --END-- [ RunTime:0.000559s ]
SQL: SHOW COLUMNS FROM `letters` [ RunTime:0.0006s ]
SQL: SELECT COUNT(*) AS tp_count FROM `letters` WHERE `raply_id` = 1 AND `is_read` = 0 LIMIT 1   [ RunTime:0.0003s ]
SQL: SHOW COLUMNS FROM `messages` [ RunTime:0.0008s ]
SQL: SELECT COUNT(*) AS tp_count FROM `messages` WHERE `user_id` = 1 AND `type` = 2 AND `is_read` = 0 LIMIT 1   [ RunTime:0.0003s ]
SQL: SELECT COUNT(*) AS tp_count FROM `messages` WHERE `user_id` = 1 AND `type` = 1 AND `is_read` = 0 LIMIT 1   [ RunTime:0.0002s ]
SQL: SELECT COUNT(*) AS tp_count FROM `messages` WHERE `user_id` = 1 AND `type` = 3 AND `is_read` = 0 LIMIT 1   [ RunTime:0.0002s ]
SQL: SELECT COUNT(*) AS tp_count FROM `messages` WHERE `user_id` = 1 AND `type` = 5 AND `is_read` = 0 LIMIT 1   [ RunTime:0.0002s ]
INFO: [ view_parse ] --START--
INFO: [ template_filter ] --START--
INFO: Run Behavior\ContentReplaceBehavior [ RunTime:0.000037s ]
INFO: [ template_filter ] --END-- [ RunTime:0.000087s ]
INFO: Run Behavior\ParseTemplateBehavior [ RunTime:0.006228s ]
INFO: [ view_parse ] --END-- [ RunTime:0.006267s ]
INFO: [ view_filter ] --START--
INFO: Run Behavior\WriteHtmlCacheBehavior [ RunTime:0.000103s ]
INFO: Run Behavior\TokenBuildBehavior [ RunTime:0.000171s ]
INFO: [ view_filter ] --END-- [ RunTime:0.000320s ]
INFO: [ app_end ] --START--
INFO: Run Behavior\ShowPageTraceBehavior [ RunTime:0.000297s ]
INFO: [ app_end ] --END-- [ RunTime:0.000327s ]

[ 2016-05-25T07:00:40+08:00 ] 127.0.0.1 /User/index
INFO: [ app_init ] --START--
INFO: Run Behavior\BuildLiteBehavior [ RunTime:0.000015s ]
INFO: [ app_init ] --END-- [ RunTime:0.000292s ]
INFO: [ app_begin ] --START--
INFO: Run Behavior\ReadHtmlCacheBehavior [ RunTime:0.000381s ]
INFO: [ app_begin ] --END-- [ RunTime:0.000432s ]
SQL: SHOW COLUMNS FROM `letters` [ RunTime:0.0006s ]
SQL: SELECT COUNT(*) AS tp_count FROM `letters` WHERE `raply_id` = 1 AND `is_read` = 0 LIMIT 1   [ RunTime:0.0003s ]
SQL: SHOW COLUMNS FROM `messages` [ RunTime:0.0005s ]
SQL: SELECT COUNT(*) AS tp_count FROM `messages` WHERE `user_id` = 1 AND `type` = 2 AND `is_read` = 0 LIMIT 1   [ RunTime:0.0005s ]
SQL: SELECT COUNT(*) AS tp_count FROM `messages` WHERE `user_id` = 1 AND `type` = 1 AND `is_read` = 0 LIMIT 1   [ RunTime:0.0003s ]
SQL: SELECT COUNT(*) AS tp_count FROM `messages` WHERE `user_id` = 1 AND `type` = 3 AND `is_read` = 0 LIMIT 1   [ RunTime:0.0003s ]
SQL: SELECT COUNT(*) AS tp_count FROM `messages` WHERE `user_id` = 1 AND `type` = 5 AND `is_read` = 0 LIMIT 1   [ RunTime:0.0003s ]
INFO: [ view_parse ] --START--
INFO: [ template_filter ] --START--
INFO: Run Behavior\ContentReplaceBehavior [ RunTime:0.000039s ]
INFO: [ template_filter ] --END-- [ RunTime:0.000095s ]
INFO: Run Behavior\ParseTemplateBehavior [ RunTime:0.006051s ]
INFO: [ view_parse ] --END-- [ RunTime:0.006102s ]
INFO: [ view_filter ] --START--
INFO: Run Behavior\WriteHtmlCacheBehavior [ RunTime:0.000112s ]
INFO: Run Behavior\TokenBuildBehavior [ RunTime:0.000178s ]
INFO: [ view_filter ] --END-- [ RunTime:0.000339s ]
INFO: [ app_end ] --START--
INFO: Run Behavior\ShowPageTraceBehavior [ RunTime:0.000316s ]
INFO: [ app_end ] --END-- [ RunTime:0.000349s ]

[ 2016-05-25T07:00:48+08:00 ] 127.0.0.1 /User/index
INFO: [ app_init ] --START--
INFO: Run Behavior\BuildLiteBehavior [ RunTime:0.000015s ]
INFO: [ app_init ] --END-- [ RunTime:0.000278s ]
INFO: [ app_begin ] --START--
INFO: Run Behavior\ReadHtmlCacheBehavior [ RunTime:0.000412s ]
INFO: [ app_begin ] --END-- [ RunTime:0.000514s ]
SQL: SHOW COLUMNS FROM `letters` [ RunTime:0.0004s ]
SQL: SELECT COUNT(*) AS tp_count FROM `letters` WHERE `raply_id` = 1 AND `is_read` = 0 LIMIT 1   [ RunTime:0.0002s ]
SQL: SHOW COLUMNS FROM `messages` [ RunTime:0.0007s ]
SQL: SELECT COUNT(*) AS tp_count FROM `messages` WHERE `user_id` = 1 AND `type` = 2 AND `is_read` = 0 LIMIT 1   [ RunTime:0.0002s ]
SQL: SELECT COUNT(*) AS tp_count FROM `messages` WHERE `user_id` = 1 AND `type` = 1 AND `is_read` = 0 LIMIT 1   [ RunTime:0.0002s ]
SQL: SELECT COUNT(*) AS tp_count FROM `messages` WHERE `user_id` = 1 AND `type` = 3 AND `is_read` = 0 LIMIT 1   [ RunTime:0.0003s ]
SQL: SELECT COUNT(*) AS tp_count FROM `messages` WHERE `user_id` = 1 AND `type` = 5 AND `is_read` = 0 LIMIT 1   [ RunTime:0.0004s ]
INFO: [ view_parse ] --START--
INFO: [ template_filter ] --START--
INFO: Run Behavior\ContentReplaceBehavior [ RunTime:0.000044s ]
INFO: [ template_filter ] --END-- [ RunTime:0.000096s ]
INFO: Run Behavior\ParseTemplateBehavior [ RunTime:0.007021s ]
INFO: [ view_parse ] --END-- [ RunTime:0.007076s ]
INFO: [ view_filter ] --START--
INFO: Run Behavior\WriteHtmlCacheBehavior [ RunTime:0.000111s ]
INFO: Run Behavior\TokenBuildBehavior [ RunTime:0.000192s ]
INFO: [ view_filter ] --END-- [ RunTime:0.000353s ]
INFO: [ app_end ] --START--
INFO: Run Behavior\ShowPageTraceBehavior [ RunTime:0.000325s ]
INFO: [ app_end ] --END-- [ RunTime:0.000356s ]

[ 2016-05-25T07:00:50+08:00 ] 127.0.0.1 /Message/showMessage
INFO: [ app_init ] --START--
INFO: Run Behavior\BuildLiteBehavior [ RunTime:0.000023s ]
INFO: [ app_init ] --END-- [ RunTime:0.000425s ]
INFO: [ app_begin ] --START--
INFO: Run Behavior\ReadHtmlCacheBehavior [ RunTime:0.000472s ]
INFO: [ app_begin ] --END-- [ RunTime:0.000529s ]
SQL: SHOW COLUMNS FROM `messages` [ RunTime:0.0007s ]
NOTIC: [8] Undefined index: p /home/stu/Code/www/ThinkPHP/Library/Org/Util/Page.class.php 第 37 行.
SQL: SELECT * FROM `messages` WHERE `user_id` = 1 AND `type` = 2 ORDER BY `is_read` asc,`add_time` desc LIMIT 0,16   [ RunTime:0.0008s ]
SQL: UPDATE `messages` SET `is_read`='1' WHERE `message_id` IN ('5') [ RunTime:0.0005s ]
SQL: SHOW COLUMNS FROM `letters` [ RunTime:0.0005s ]
SQL: SELECT COUNT(*) AS tp_count FROM `letters` WHERE `raply_id` = 1 AND `is_read` = 0 LIMIT 1   [ RunTime:0.0002s ]
SQL: SELECT COUNT(*) AS tp_count FROM `messages` WHERE `user_id` = 1 AND `type` = 2 AND `is_read` = 0 LIMIT 1   [ RunTime:0.0004s ]
SQL: SELECT COUNT(*) AS tp_count FROM `messages` WHERE `user_id` = 1 AND `type` = 1 AND `is_read` = 0 LIMIT 1   [ RunTime:0.0002s ]
SQL: SELECT COUNT(*) AS tp_count FROM `messages` WHERE `user_id` = 1 AND `type` = 3 AND `is_read` = 0 LIMIT 1   [ RunTime:0.0002s ]
SQL: SELECT COUNT(*) AS tp_count FROM `messages` WHERE `user_id` = 1 AND `type` = 5 AND `is_read` = 0 LIMIT 1   [ RunTime:0.0003s ]
INFO: [ view_parse ] --START--
INFO: [ template_filter ] --START--
INFO: Run Behavior\ContentReplaceBehavior [ RunTime:0.000049s ]
INFO: [ template_filter ] --END-- [ RunTime:0.000116s ]
NOTIC: [8] Undefined index: type /home/stu/Code/www/Wap/Runtime/Cache/Home/1f62d829671dceef0d5c8fde7c92837b.php 第 19 行.
INFO: Run Behavior\ParseTemplateBehavior [ RunTime:0.010295s ]
INFO: [ view_parse ] --END-- [ RunTime:0.010367s ]
INFO: [ view_filter ] --START--
INFO: Run Behavior\WriteHtmlCacheBehavior [ RunTime:0.000127s ]
INFO: Run Behavior\TokenBuildBehavior [ RunTime:0.000225s ]
INFO: [ view_filter ] --END-- [ RunTime:0.000419s ]
INFO: [ app_end ] --START--
INFO: Run Behavior\ShowPageTraceBehavior [ RunTime:0.000420s ]
INFO: [ app_end ] --END-- [ RunTime:0.000464s ]

[ 2016-05-25T07:00:54+08:00 ] 127.0.0.1 /Message/showMessage/type/5
INFO: [ app_init ] --START--
INFO: Run Behavior\BuildLiteBehavior [ RunTime:0.000012s ]
INFO: [ app_init ] --END-- [ RunTime:0.000222s ]
INFO: [ app_begin ] --START--
INFO: Run Behavior\ReadHtmlCacheBehavior [ RunTime:0.000272s ]
INFO: [ app_begin ] --END-- [ RunTime:0.000307s ]
SQL: SHOW COLUMNS FROM `messages` [ RunTime:0.0006s ]
NOTIC: [8] Undefined index: p /home/stu/Code/www/ThinkPHP/Library/Org/Util/Page.class.php 第 37 行.
SQL: SELECT * FROM `messages` WHERE `user_id` = 1 AND `type` = 5 ORDER BY `is_read` asc,`add_time` desc LIMIT 0,16   [ RunTime:0.0004s ]
SQL: UPDATE `messages` SET `is_read`='1' WHERE `message_id` IN ('46','44','42','41','40','37','36','35','33','31','28','27','26','25','24') [ RunTime:0.0003s ]
SQL: SHOW COLUMNS FROM `letters` [ RunTime:0.0005s ]
SQL: SELECT COUNT(*) AS tp_count FROM `letters` WHERE `raply_id` = 1 AND `is_read` = 0 LIMIT 1   [ RunTime:0.0002s ]
SQL: SELECT COUNT(*) AS tp_count FROM `messages` WHERE `user_id` = 1 AND `type` = 2 AND `is_read` = 0 LIMIT 1   [ RunTime:0.0002s ]
SQL: SELECT COUNT(*) AS tp_count FROM `messages` WHERE `user_id` = 1 AND `type` = 1 AND `is_read` = 0 LIMIT 1   [ RunTime:0.0001s ]
SQL: SELECT COUNT(*) AS tp_count FROM `messages` WHERE `user_id` = 1 AND `type` = 3 AND `is_read` = 0 LIMIT 1   [ RunTime:0.0001s ]
SQL: SELECT COUNT(*) AS tp_count FROM `messages` WHERE `user_id` = 1 AND `type` = 5 AND `is_read` = 0 LIMIT 1   [ RunTime:0.0001s ]
INFO: [ view_parse ] --START--
INFO: [ template_filter ] --START--
INFO: Run Behavior\ContentReplaceBehavior [ RunTime:0.000061s ]
INFO: [ template_filter ] --END-- [ RunTime:0.000150s ]
INFO: Run Behavior\ParseTemplateBehavior [ RunTime:0.008275s ]
INFO: [ view_parse ] --END-- [ RunTime:0.008352s ]
INFO: [ view_filter ] --START--
INFO: Run Behavior\WriteHtmlCacheBehavior [ RunTime:0.000147s ]
INFO: Run Behavior\TokenBuildBehavior [ RunTime:0.000265s ]
INFO: [ view_filter ] --END-- [ RunTime:0.000521s ]
INFO: [ app_end ] --START--
INFO: Run Behavior\ShowPageTraceBehavior [ RunTime:0.000569s ]
INFO: [ app_end ] --END-- [ RunTime:0.000650s ]

[ 2016-05-25T07:00:56+08:00 ] 127.0.0.1 /Beg/getList/beg_id/4
INFO: [ app_init ] --START--
INFO: Run Behavior\BuildLiteBehavior [ RunTime:0.000014s ]
INFO: [ app_init ] --END-- [ RunTime:0.000245s ]
INFO: [ app_begin ] --START--
INFO: Run Behavior\ReadHtmlCacheBehavior [ RunTime:0.000289s ]
INFO: [ app_begin ] --END-- [ RunTime:0.000325s ]
NOTIC: [8] Use of undefined constant in - assumed 'in' /home/stu/Code/www/ThinkPHP/Common/functions.php 第 657 行.
SQL: SHOW COLUMNS FROM `begs` [ RunTime:0.0007s ]
NOTIC: [8] Undefined index: p /home/stu/Code/www/ThinkPHP/Library/Org/Util/Page.class.php 第 37 行.
SQL: SELECT * FROM `begs` WHERE `is_full` = 0 AND `stop_time` > 1464130856 ORDER BY `beg_id` desc LIMIT 0,9   [ RunTime:0.0003s ]
INFO: [ view_parse ] --START--
INFO: [ template_filter ] --START--
INFO: Run Behavior\ContentReplaceBehavior [ RunTime:0.000116s ]
INFO: [ template_filter ] --END-- [ RunTime:0.000322s ]
NOTIC: [8] Array to string conversion /home/stu/Code/www/Wap/Runtime/Cache/Home/c6e7cb86762c0c619ed7b62258d100e0.php 第 40 行.
NOTIC: [8] Array to string conversion /home/stu/Code/www/Wap/Runtime/Cache/Home/c6e7cb86762c0c619ed7b62258d100e0.php 第 40 行.
INFO: Run Behavior\ParseTemplateBehavior [ RunTime:0.009847s ]
INFO: [ view_parse ] --END-- [ RunTime:0.009897s ]
INFO: [ view_filter ] --START--
INFO: Run Behavior\WriteHtmlCacheBehavior [ RunTime:0.000117s ]
INFO: Run Behavior\TokenBuildBehavior [ RunTime:0.000177s ]
INFO: [ view_filter ] --END-- [ RunTime:0.000343s ]
INFO: [ app_end ] --START--
INFO: Run Behavior\ShowPageTraceBehavior [ RunTime:0.000328s ]
INFO: [ app_end ] --END-- [ RunTime:0.000363s ]

[ 2016-05-25T07:01:11+08:00 ] 127.0.0.1 /Message/showMessage/type/2
INFO: [ app_init ] --START--
INFO: Run Behavior\BuildLiteBehavior [ RunTime:0.000019s ]
INFO: [ app_init ] --END-- [ RunTime:0.000383s ]
INFO: [ app_begin ] --START--
INFO: Run Behavior\ReadHtmlCacheBehavior [ RunTime:0.000449s ]
INFO: [ app_begin ] --END-- [ RunTime:0.000507s ]
SQL: SHOW COLUMNS FROM `messages` [ RunTime:0.0010s ]
NOTIC: [8] Undefined index: p /home/stu/Code/www/ThinkPHP/Library/Org/Util/Page.class.php 第 37 行.
SQL: SELECT * FROM `messages` WHERE `user_id` = 1 AND `type` = 2 ORDER BY `is_read` asc,`add_time` desc LIMIT 0,16   [ RunTime:0.0005s ]
SQL: UPDATE `messages` SET `is_read`='1' WHERE `message_id` IN ('5') [ RunTime:0.0003s ]
SQL: SHOW COLUMNS FROM `letters` [ RunTime:0.0008s ]
SQL: SELECT COUNT(*) AS tp_count FROM `letters` WHERE `raply_id` = 1 AND `is_read` = 0 LIMIT 1   [ RunTime:0.0003s ]
SQL: SELECT COUNT(*) AS tp_count FROM `messages` WHERE `user_id` = 1 AND `type` = 2 AND `is_read` = 0 LIMIT 1   [ RunTime:0.0003s ]
SQL: SELECT COUNT(*) AS tp_count FROM `messages` WHERE `user_id` = 1 AND `type` = 1 AND `is_read` = 0 LIMIT 1   [ RunTime:0.0002s ]
SQL: SELECT COUNT(*) AS tp_count FROM `messages` WHERE `user_id` = 1 AND `type` = 3 AND `is_read` = 0 LIMIT 1   [ RunTime:0.0002s ]
SQL: SELECT COUNT(*) AS tp_count FROM `messages` WHERE `user_id` = 1 AND `type` = 5 AND `is_read` = 0 LIMIT 1   [ RunTime:0.0002s ]
INFO: [ view_parse ] --START--
INFO: [ template_filter ] --START--
INFO: Run Behavior\ContentReplaceBehavior [ RunTime:0.000041s ]
INFO: [ template_filter ] --END-- [ RunTime:0.000090s ]
INFO: Run Behavior\ParseTemplateBehavior [ RunTime:0.006872s ]
INFO: [ view_parse ] --END-- [ RunTime:0.006942s ]
INFO: [ view_filter ] --START--
INFO: Run Behavior\WriteHtmlCacheBehavior [ RunTime:0.000093s ]
INFO: Run Behavior\TokenBuildBehavior [ RunTime:0.000160s ]
INFO: [ view_filter ] --END-- [ RunTime:0.000299s ]
INFO: [ app_end ] --START--
INFO: Run Behavior\ShowPageTraceBehavior [ RunTime:0.000304s ]
INFO: [ app_end ] --END-- [ RunTime:0.000335s ]

[ 2016-05-25T07:01:13+08:00 ] 127.0.0.1 /Message/showMessage/type/5
INFO: [ app_init ] --START--
INFO: Run Behavior\BuildLiteBehavior [ RunTime:0.000014s ]
INFO: [ app_init ] --END-- [ RunTime:0.000250s ]
INFO: [ app_begin ] --START--
INFO: Run Behavior\ReadHtmlCacheBehavior [ RunTime:0.000307s ]
INFO: [ app_begin ] --END-- [ RunTime:0.000345s ]
SQL: SHOW COLUMNS FROM `messages` [ RunTime:0.0006s ]
NOTIC: [8] Undefined index: p /home/stu/Code/www/ThinkPHP/Library/Org/Util/Page.class.php 第 37 行.
SQL: SELECT * FROM `messages` WHERE `user_id` = 1 AND `type` = 5 ORDER BY `is_read` asc,`add_time` desc LIMIT 0,16   [ RunTime:0.0007s ]
SQL: UPDATE `messages` SET `is_read`='1' WHERE `message_id` IN ('47','46','44','42','41','40','37','36','35','33','31','28','27','26','25') [ RunTime:0.0003s ]
SQL: SHOW COLUMNS FROM `letters` [ RunTime:0.0005s ]
SQL: SELECT COUNT(*) AS tp_count FROM `letters` WHERE `raply_id` = 1 AND `is_read` = 0 LIMIT 1   [ RunTime:0.0002s ]
SQL: SELECT COUNT(*) AS tp_count FROM `messages` WHERE `user_id` = 1 AND `type` = 2 AND `is_read` = 0 LIMIT 1   [ RunTime:0.0002s ]
SQL: SELECT COUNT(*) AS tp_count FROM `messages` WHERE `user_id` = 1 AND `type` = 1 AND `is_read` = 0 LIMIT 1   [ RunTime:0.0001s ]
SQL: SELECT COUNT(*) AS tp_count FROM `messages` WHERE `user_id` = 1 AND `type` = 3 AND `is_read` = 0 LIMIT 1   [ RunTime:0.0002s ]
SQL: SELECT COUNT(*) AS tp_count FROM `messages` WHERE `user_id` = 1 AND `type` = 5 AND `is_read` = 0 LIMIT 1   [ RunTime:0.0002s ]
INFO: [ view_parse ] --START--
INFO: [ template_filter ] --START--
INFO: Run Behavior\ContentReplaceBehavior [ RunTime:0.000036s ]
INFO: [ template_filter ] --END-- [ RunTime:0.000084s ]
INFO: Run Behavior\ParseTemplateBehavior [ RunTime:0.006467s ]
INFO: [ view_parse ] --END-- [ RunTime:0.006514s ]
INFO: [ view_filter ] --START--
INFO: Run Behavior\WriteHtmlCacheBehavior [ RunTime:0.000093s ]
INFO: Run Behavior\TokenBuildBehavior [ RunTime:0.000162s ]
INFO: [ view_filter ] --END-- [ RunTime:0.000302s ]
INFO: [ app_end ] --START--
INFO: Run Behavior\ShowPageTraceBehavior [ RunTime:0.000444s ]
INFO: [ app_end ] --END-- [ RunTime:0.000484s ]

[ 2016-05-25T07:01:15+08:00 ] 127.0.0.1 /Beg/getList/beg_id/4
INFO: [ app_init ] --START--
INFO: Run Behavior\BuildLiteBehavior [ RunTime:0.000013s ]
INFO: [ app_init ] --END-- [ RunTime:0.000244s ]
INFO: [ app_begin ] --START--
INFO: Run Behavior\ReadHtmlCacheBehavior [ RunTime:0.000339s ]
INFO: [ app_begin ] --END-- [ RunTime:0.000380s ]
NOTIC: [8] Use of undefined constant in - assumed 'in' /home/stu/Code/www/ThinkPHP/Common/functions.php 第 657 行.
SQL: SHOW COLUMNS FROM `begs` [ RunTime:0.0005s ]
NOTIC: [8] Undefined index: p /home/stu/Code/www/ThinkPHP/Library/Org/Util/Page.class.php 第 37 行.
SQL: SELECT * FROM `begs` WHERE `is_full` = 0 AND `stop_time` > 1464130875 ORDER BY `beg_id` desc LIMIT 0,9   [ RunTime:0.0003s ]
INFO: [ view_parse ] --START--
INFO: [ template_filter ] --START--
INFO: Run Behavior\ContentReplaceBehavior [ RunTime:0.000042s ]
INFO: [ template_filter ] --END-- [ RunTime:0.000098s ]
NOTIC: [8] Array to string conversion /home/stu/Code/www/Wap/Runtime/Cache/Home/c6e7cb86762c0c619ed7b62258d100e0.php 第 40 行.
NOTIC: [8] Array to string conversion /home/stu/Code/www/Wap/Runtime/Cache/Home/c6e7cb86762c0c619ed7b62258d100e0.php 第 40 行.
INFO: Run Behavior\ParseTemplateBehavior [ RunTime:0.008295s ]
INFO: [ view_parse ] --END-- [ RunTime:0.008345s ]
INFO: [ view_filter ] --START--
INFO: Run Behavior\WriteHtmlCacheBehavior [ RunTime:0.000117s ]
INFO: Run Behavior\TokenBuildBehavior [ RunTime:0.000177s ]
INFO: [ view_filter ] --END-- [ RunTime:0.000344s ]
INFO: [ app_end ] --START--
INFO: Run Behavior\ShowPageTraceBehavior [ RunTime:0.000326s ]
INFO: [ app_end ] --END-- [ RunTime:0.000360s ]

[ 2016-05-25T07:01:26+08:00 ] 127.0.0.1 /Beg/getList/beg_id/4
INFO: [ app_init ] --START--
INFO: Run Behavior\BuildLiteBehavior [ RunTime:0.000012s ]
INFO: [ app_init ] --END-- [ RunTime:0.000234s ]
INFO: [ app_begin ] --START--
INFO: Run Behavior\ReadHtmlCacheBehavior [ RunTime:0.000322s ]
INFO: [ app_begin ] --END-- [ RunTime:0.000358s ]
NOTIC: [8] Use of undefined constant in - assumed 'in' /home/stu/Code/www/ThinkPHP/Common/functions.php 第 657 行.
SQL: SHOW COLUMNS FROM `begs` [ RunTime:0.0005s ]
NOTIC: [8] Undefined index: p /home/stu/Code/www/ThinkPHP/Library/Org/Util/Page.class.php 第 37 行.
SQL: SELECT * FROM `begs` WHERE `is_full` = 0 AND `stop_time` > 1464130886 ORDER BY `beg_id` desc LIMIT 0,9   [ RunTime:0.0004s ]
INFO: [ view_parse ] --START--
INFO: [ template_filter ] --START--
INFO: Run Behavior\ContentReplaceBehavior [ RunTime:0.000050s ]
INFO: [ template_filter ] --END-- [ RunTime:0.000104s ]
NOTIC: [8] Array to string conversion /home/stu/Code/www/Wap/Runtime/Cache/Home/c6e7cb86762c0c619ed7b62258d100e0.php 第 40 行.
NOTIC: [8] Array to string conversion /home/stu/Code/www/Wap/Runtime/Cache/Home/c6e7cb86762c0c619ed7b62258d100e0.php 第 40 行.
INFO: Run Behavior\ParseTemplateBehavior [ RunTime:0.008812s ]
INFO: [ view_parse ] --END-- [ RunTime:0.008863s ]
INFO: [ view_filter ] --START--
INFO: Run Behavior\WriteHtmlCacheBehavior [ RunTime:0.000107s ]
INFO: Run Behavior\TokenBuildBehavior [ RunTime:0.000172s ]
INFO: [ view_filter ] --END-- [ RunTime:0.000328s ]
INFO: [ app_end ] --START--
INFO: Run Behavior\ShowPageTraceBehavior [ RunTime:0.000323s ]
INFO: [ app_end ] --END-- [ RunTime:0.000357s ]

[ 2016-05-25T07:02:57+08:00 ] 127.0.0.1 /Beg/getList/beg_id/4
INFO: [ app_init ] --START--
INFO: Run Behavior\BuildLiteBehavior [ RunTime:0.000017s ]
INFO: [ app_init ] --END-- [ RunTime:0.000342s ]
INFO: [ app_begin ] --START--
INFO: Run Behavior\ReadHtmlCacheBehavior [ RunTime:0.000407s ]
INFO: [ app_begin ] --END-- [ RunTime:0.000455s ]
NOTIC: [8] Use of undefined constant in - assumed 'in' /home/stu/Code/www/ThinkPHP/Common/functions.php 第 657 行.
SQL: SHOW COLUMNS FROM `begs` [ RunTime:0.0006s ]
NOTIC: [8] Undefined index: p /home/stu/Code/www/ThinkPHP/Library/Org/Util/Page.class.php 第 37 行.
SQL: SELECT * FROM `begs` WHERE `is_full` = 0 AND `stop_time` > 1464130977 ORDER BY `beg_id` desc LIMIT 0,9   [ RunTime:0.0003s ]
INFO: [ view_parse ] --START--
INFO: [ template_filter ] --START--
INFO: Run Behavior\ContentReplaceBehavior [ RunTime:0.000040s ]
INFO: [ template_filter ] --END-- [ RunTime:0.000090s ]
NOTIC: [8] Array to string conversion /home/stu/Code/www/Wap/Runtime/Cache/Home/c6e7cb86762c0c619ed7b62258d100e0.php 第 40 行.
NOTIC: [8] Array to string conversion /home/stu/Code/www/Wap/Runtime/Cache/Home/c6e7cb86762c0c619ed7b62258d100e0.php 第 40 行.
INFO: Run Behavior\ParseTemplateBehavior [ RunTime:0.007893s ]
INFO: [ view_parse ] --END-- [ RunTime:0.007949s ]
INFO: [ view_filter ] --START--
INFO: Run Behavior\WriteHtmlCacheBehavior [ RunTime:0.000184s ]
INFO: Run Behavior\TokenBuildBehavior [ RunTime:0.000263s ]
INFO: [ view_filter ] --END-- [ RunTime:0.000536s ]
INFO: [ app_end ] --START--
INFO: Run Behavior\ShowPageTraceBehavior [ RunTime:0.000635s ]
INFO: [ app_end ] --END-- [ RunTime:0.000731s ]

[ 2016-05-25T07:03:51+08:00 ] 127.0.0.1 /Message/showMessage/type/2
INFO: [ app_init ] --START--
INFO: Run Behavior\BuildLiteBehavior [ RunTime:0.000018s ]
INFO: [ app_init ] --END-- [ RunTime:0.000302s ]
INFO: [ app_begin ] --START--
INFO: Run Behavior\ReadHtmlCacheBehavior [ RunTime:0.000353s ]
INFO: [ app_begin ] --END-- [ RunTime:0.000406s ]
SQL: SHOW COLUMNS FROM `messages` [ RunTime:0.0007s ]
NOTIC: [8] Undefined index: p /home/stu/Code/www/ThinkPHP/Library/Org/Util/Page.class.php 第 37 行.
SQL: SELECT * FROM `messages` WHERE `user_id` = 1 AND `type` = 2 ORDER BY `is_read` asc,`add_time` desc LIMIT 0,16   [ RunTime:0.0003s ]
SQL: UPDATE `messages` SET `is_read`='1' WHERE `message_id` IN ('5') [ RunTime:0.0002s ]
SQL: SHOW COLUMNS FROM `letters` [ RunTime:0.0005s ]
SQL: SELECT COUNT(*) AS tp_count FROM `letters` WHERE `raply_id` = 1 AND `is_read` = 0 LIMIT 1   [ RunTime:0.0002s ]
SQL: SELECT COUNT(*) AS tp_count FROM `messages` WHERE `user_id` = 1 AND `type` = 2 AND `is_read` = 0 LIMIT 1   [ RunTime:0.0002s ]
SQL: SELECT COUNT(*) AS tp_count FROM `messages` WHERE `user_id` = 1 AND `type` = 1 AND `is_read` = 0 LIMIT 1   [ RunTime:0.0002s ]
SQL: SELECT COUNT(*) AS tp_count FROM `messages` WHERE `user_id` = 1 AND `type` = 3 AND `is_read` = 0 LIMIT 1   [ RunTime:0.0002s ]
SQL: SELECT COUNT(*) AS tp_count FROM `messages` WHERE `user_id` = 1 AND `type` = 5 AND `is_read` = 0 LIMIT 1   [ RunTime:0.0002s ]
INFO: [ view_parse ] --START--
INFO: [ template_filter ] --START--
INFO: Run Behavior\ContentReplaceBehavior [ RunTime:0.000040s ]
INFO: [ template_filter ] --END-- [ RunTime:0.000089s ]
INFO: Run Behavior\ParseTemplateBehavior [ RunTime:0.008526s ]
INFO: [ view_parse ] --END-- [ RunTime:0.008575s ]
INFO: [ view_filter ] --START--
INFO: Run Behavior\WriteHtmlCacheBehavior [ RunTime:0.000097s ]
INFO: Run Behavior\TokenBuildBehavior [ RunTime:0.000158s ]
INFO: [ view_filter ] --END-- [ RunTime:0.000298s ]
INFO: [ app_end ] --START--
INFO: Run Behavior\ShowPageTraceBehavior [ RunTime:0.000286s ]
INFO: [ app_end ] --END-- [ RunTime:0.000313s ]

[ 2016-05-25T07:03:53+08:00 ] 127.0.0.1 /Message/showMessage/type/5
INFO: [ app_init ] --START--
INFO: Run Behavior\BuildLiteBehavior [ RunTime:0.000015s ]
INFO: [ app_init ] --END-- [ RunTime:0.000245s ]
INFO: [ app_begin ] --START--
INFO: Run Behavior\ReadHtmlCacheBehavior [ RunTime:0.000293s ]
INFO: [ app_begin ] --END-- [ RunTime:0.000329s ]
SQL: SHOW COLUMNS FROM `messages` [ RunTime:0.0005s ]
NOTIC: [8] Undefined index: p /home/stu/Code/www/ThinkPHP/Library/Org/Util/Page.class.php 第 37 行.
SQL: SELECT * FROM `messages` WHERE `user_id` = 1 AND `type` = 5 ORDER BY `is_read` asc,`add_time` desc LIMIT 0,16   [ RunTime:0.0004s ]
SQL: UPDATE `messages` SET `is_read`='1' WHERE `message_id` IN ('48','47','46','44','42','41','40','37','36','35','33','31','28','27','26') [ RunTime:0.0003s ]
SQL: SHOW COLUMNS FROM `letters` [ RunTime:0.0005s ]
SQL: SELECT COUNT(*) AS tp_count FROM `letters` WHERE `raply_id` = 1 AND `is_read` = 0 LIMIT 1   [ RunTime:0.0003s ]
SQL: SELECT COUNT(*) AS tp_count FROM `messages` WHERE `user_id` = 1 AND `type` = 2 AND `is_read` = 0 LIMIT 1   [ RunTime:0.0002s ]
SQL: SELECT COUNT(*) AS tp_count FROM `messages` WHERE `user_id` = 1 AND `type` = 1 AND `is_read` = 0 LIMIT 1   [ RunTime:0.0002s ]
SQL: SELECT COUNT(*) AS tp_count FROM `messages` WHERE `user_id` = 1 AND `type` = 3 AND `is_read` = 0 LIMIT 1   [ RunTime:0.0002s ]
SQL: SELECT COUNT(*) AS tp_count FROM `messages` WHERE `user_id` = 1 AND `type` = 5 AND `is_read` = 0 LIMIT 1   [ RunTime:0.0002s ]
INFO: [ view_parse ] --START--
INFO: [ template_filter ] --START--
INFO: Run Behavior\ContentReplaceBehavior [ RunTime:0.000047s ]
INFO: [ template_filter ] --END-- [ RunTime:0.000109s ]
INFO: Run Behavior\ParseTemplateBehavior [ RunTime:0.007336s ]
INFO: [ view_parse ] --END-- [ RunTime:0.007392s ]
INFO: [ view_filter ] --START--
INFO: Run Behavior\WriteHtmlCacheBehavior [ RunTime:0.000112s ]
INFO: Run Behavior\TokenBuildBehavior [ RunTime:0.000173s ]
INFO: [ view_filter ] --END-- [ RunTime:0.000332s ]
INFO: [ app_end ] --START--
INFO: Run Behavior\ShowPageTraceBehavior [ RunTime:0.000375s ]
INFO: [ app_end ] --END-- [ RunTime:0.000423s ]

[ 2016-05-25T07:03:54+08:00 ] 127.0.0.1 /Lost/getList/lost_id/3
INFO: [ app_init ] --START--
INFO: Run Behavior\BuildLiteBehavior [ RunTime:0.000014s ]
INFO: [ app_init ] --END-- [ RunTime:0.000232s ]
INFO: [ app_begin ] --START--
INFO: Run Behavior\ReadHtmlCacheBehavior [ RunTime:0.000283s ]
INFO: [ app_begin ] --END-- [ RunTime:0.000317s ]
NOTIC: [8] Use of undefined constant in - assumed 'in' /home/stu/Code/www/ThinkPHP/Common/functions.php 第 657 行.
SQL: SHOW COLUMNS FROM `losts` [ RunTime:0.0005s ]
NOTIC: [8] Undefined index: p /home/stu/Code/www/ThinkPHP/Library/Org/Util/Page.class.php 第 37 行.
SQL: SELECT * FROM `losts` WHERE `is_full` = 0 AND `add_time` BETWEEN 1461539034 AND 1464131034 ORDER BY `lost_id` desc LIMIT 0,9   [ RunTime:0.0003s ]
INFO: [ view_parse ] --START--
INFO: [ template_filter ] --START--
INFO: Run Behavior\ContentReplaceBehavior [ RunTime:0.000052s ]
INFO: [ template_filter ] --END-- [ RunTime:0.000121s ]
NOTIC: [8] Array to string conversion /home/stu/Code/www/Wap/Runtime/Cache/Home/2db5884c703c9d28301e9ead8f90dd59.php 第 41 行.
NOTIC: [8] Array to string conversion /home/stu/Code/www/Wap/Runtime/Cache/Home/2db5884c703c9d28301e9ead8f90dd59.php 第 41 行.
NOTIC: [8] Array to string conversion /home/stu/Code/www/Wap/Runtime/Cache/Home/2db5884c703c9d28301e9ead8f90dd59.php 第 41 行.
INFO: Run Behavior\ParseTemplateBehavior [ RunTime:0.011680s ]
INFO: [ view_parse ] --END-- [ RunTime:0.011719s ]
INFO: [ view_filter ] --START--
INFO: Run Behavior\WriteHtmlCacheBehavior [ RunTime:0.000115s ]
INFO: Run Behavior\TokenBuildBehavior [ RunTime:0.000217s ]
INFO: [ view_filter ] --END-- [ RunTime:0.000384s ]
INFO: [ app_end ] --START--
INFO: Run Behavior\ShowPageTraceBehavior [ RunTime:0.000351s ]
INFO: [ app_end ] --END-- [ RunTime:0.000387s ]

[ 2016-05-25T07:05:24+08:00 ] 127.0.0.1 /Lost/getList/lost_id/3
INFO: [ app_init ] --START--
INFO: Run Behavior\BuildLiteBehavior [ RunTime:0.000013s ]
INFO: [ app_init ] --END-- [ RunTime:0.000271s ]
INFO: [ app_begin ] --START--
INFO: Run Behavior\ReadHtmlCacheBehavior [ RunTime:0.000285s ]
INFO: [ app_begin ] --END-- [ RunTime:0.000320s ]
NOTIC: [8] Use of undefined constant in - assumed 'in' /home/stu/Code/www/ThinkPHP/Common/functions.php 第 657 行.
SQL: SHOW COLUMNS FROM `losts` [ RunTime:0.0007s ]
NOTIC: [8] Undefined index: p /home/stu/Code/www/ThinkPHP/Library/Org/Util/Page.class.php 第 37 行.
SQL: SELECT * FROM `losts` WHERE `is_full` = 0 AND `add_time` BETWEEN 1461539124 AND 1464131124 ORDER BY `lost_id` desc LIMIT 0,9   [ RunTime:0.0004s ]
INFO: [ view_parse ] --START--
INFO: [ template_filter ] --START--
INFO: Run Behavior\ContentReplaceBehavior [ RunTime:0.000065s ]
INFO: [ template_filter ] --END-- [ RunTime:0.000156s ]
NOTIC: [8] Array to string conversion /home/stu/Code/www/Wap/Runtime/Cache/Home/2db5884c703c9d28301e9ead8f90dd59.php 第 41 行.
NOTIC: [8] Array to string conversion /home/stu/Code/www/Wap/Runtime/Cache/Home/2db5884c703c9d28301e9ead8f90dd59.php 第 41 行.
NOTIC: [8] Array to string conversion /home/stu/Code/www/Wap/Runtime/Cache/Home/2db5884c703c9d28301e9ead8f90dd59.php 第 41 行.
INFO: Run Behavior\ParseTemplateBehavior [ RunTime:0.009082s ]
INFO: [ view_parse ] --END-- [ RunTime:0.009162s ]
INFO: [ view_filter ] --START--
INFO: Run Behavior\WriteHtmlCacheBehavior [ RunTime:0.000337s ]
INFO: Run Behavior\TokenBuildBehavior [ RunTime:0.000275s ]
INFO: [ view_filter ] --END-- [ RunTime:0.000711s ]
INFO: [ app_end ] --START--
INFO: Run Behavior\ShowPageTraceBehavior [ RunTime:0.000327s ]
INFO: [ app_end ] --END-- [ RunTime:0.000362s ]

[ 2016-05-25T07:05:32+08:00 ] 127.0.0.1 /User/index
INFO: [ app_init ] --START--
INFO: Run Behavior\BuildLiteBehavior [ RunTime:0.000016s ]
INFO: [ app_init ] --END-- [ RunTime:0.000285s ]
INFO: [ app_begin ] --START--
INFO: Run Behavior\ReadHtmlCacheBehavior [ RunTime:0.000513s ]
INFO: [ app_begin ] --END-- [ RunTime:0.000589s ]
SQL: SHOW COLUMNS FROM `letters` [ RunTime:0.0012s ]
SQL: SELECT COUNT(*) AS tp_count FROM `letters` WHERE `raply_id` = 1 AND `is_read` = 0 LIMIT 1   [ RunTime:0.0005s ]
SQL: SHOW COLUMNS FROM `messages` [ RunTime:0.0011s ]
SQL: SELECT COUNT(*) AS tp_count FROM `messages` WHERE `user_id` = 1 AND `type` = 2 AND `is_read` = 0 LIMIT 1   [ RunTime:0.0004s ]
SQL: SELECT COUNT(*) AS tp_count FROM `messages` WHERE `user_id` = 1 AND `type` = 1 AND `is_read` = 0 LIMIT 1   [ RunTime:0.0004s ]
SQL: SELECT COUNT(*) AS tp_count FROM `messages` WHERE `user_id` = 1 AND `type` = 3 AND `is_read` = 0 LIMIT 1   [ RunTime:0.0004s ]
SQL: SELECT COUNT(*) AS tp_count FROM `messages` WHERE `user_id` = 1 AND `type` = 5 AND `is_read` = 0 LIMIT 1   [ RunTime:0.0004s ]
INFO: [ view_parse ] --START--
INFO: [ template_filter ] --START--
INFO: Run Behavior\ContentReplaceBehavior [ RunTime:0.000063s ]
INFO: [ template_filter ] --END-- [ RunTime:0.000152s ]
INFO: Run Behavior\ParseTemplateBehavior [ RunTime:0.009022s ]
INFO: [ view_parse ] --END-- [ RunTime:0.009091s ]
INFO: [ view_filter ] --START--
INFO: Run Behavior\WriteHtmlCacheBehavior [ RunTime:0.000170s ]
INFO: Run Behavior\TokenBuildBehavior [ RunTime:0.000287s ]
INFO: [ view_filter ] --END-- [ RunTime:0.000546s ]
INFO: [ app_end ] --START--
INFO: Run Behavior\ShowPageTraceBehavior [ RunTime:0.000516s ]
INFO: [ app_end ] --END-- [ RunTime:0.000570s ]

